#
# There is insufficient memory for the Java Runtime Environment to continue.
# Native memory allocation (malloc) failed to allocate 2097152 bytes for AllocateHeap
# Possible reasons:
#   The system is out of physical RAM or swap space
#   The process is running with CompressedOops enabled, and the Java Heap may be blocking the growth of the native heap
# Possible solutions:
#   Reduce memory load on the system
#   Increase physical memory or swap space
#   Check if swap backing store is full
#   Decrease Java heap size (-Xmx/-Xms)
#   Decrease number of Java threads
#   Decrease Java thread stack sizes (-Xss)
#   Set larger code cache with -XX:ReservedCodeCacheSize=
#   JVM is running with Unscaled Compressed Oops mode in which the Java heap is
#     placed in the first 4GB address space. The Java Heap base address is the
#     maximum limit for the native heap growth. Please use -XX:HeapBaseMinAddress
#     to set the Java Heap base and to place the Java Heap above 4GB virtual address.
# This output file may be truncated or incomplete.
#
#  Out of Memory Error (./open/src/hotspot/share/memory/allocation.cpp:46), pid=6308, tid=6880
#
# JRE version: Java(TM) SE Runtime Environment 18.9 (11.0.13+10) (build 11.0.13+10-LTS-370)
# Java VM: Java HotSpot(TM) 64-Bit Server VM 18.9 (11.0.13+10-LTS-370, mixed mode, tiered, compressed oops, g1 gc, windows-amd64)
# No core dump will be written. Minidumps are not enabled by default on client versions of Windows
#

---------------  S U M M A R Y ------------

Command Line: -Dfile.encoding=UTF8 -ea -Xmx1024m 

Host: Intel(R) Core(TM) i5-8500 CPU @ 3.00GHz, 6 cores, 7G,  Windows 10 , 64 bit Build 19041 (10.0.19041.1566)
Time: Thu Mar 17 14:12:27 2022 대한민국 표준시 elapsed time: 2490.814248 seconds (0d 0h 41m 30s)

---------------  T H R E A D  ---------------

Current thread (0x000001e1f74bf800):  VMThread "VM Thread" [stack: 0x0000006ef5c90000,0x0000006ef5e80000] [id=6880]

Stack: [0x0000006ef5c90000,0x0000006ef5e80000]
[error occurred during error reporting (printing stack bounds), id 0xc0000005, EXCEPTION_ACCESS_VIOLATION (0xc0000005) at pc=0x000001e187550f2d]

Native frames: (J=compiled Java code, j=interpreted, Vv=VM code, C=native code)
C  0x00007ffab58e870a
C  0x00007ffab5a21f2f
C  0x00007ffab5a235d9
C  0x00007ffab5a23bc5
C  0x00007ffab5a23b7b
C  0x00007ffab58e7c53
C  0x00007ffab58e8308
C  [ntdll.dll+0xa20cf]
C  [ntdll.dll+0x51454]
C  [ntdll.dll+0xa0bfe]
C  0x000001e187550f2d

VM_Operation (0x0000006ef73ce230): G1CollectFull, mode: safepoint, requested by thread 0x000001e1f7df6000


---------------  P R O C E S S  ---------------

Threads class SMR info:
_java_thread_list=0x000001e19ca7e600, length=12, elements={
0x000001e1f7ded000, 0x000001e1f7ded800, 0x000001e1f7df4000, 0x000001e1f7df8000,
0x000001e1f7df9000, 0x000001e1f7df3800, 0x000001e1f7d97000, 0x000001e1f7d9a000,
0x000001e1f7df5000, 0x000001e1f7dfa000, 0x000001e1f7df6000, 0x000001e1f7dfc800
}

Java Threads: ( => current thread )
  0x000001e1f7ded000 JavaThread "main" [_thread_in_native, id=3048, stack(0x0000006ef2000000,0x0000006ef21f0000)]
  0x000001e1f7ded800 JavaThread "Reference Handler" daemon [_thread_blocked, id=13424, stack(0x0000006ef5e80000,0x0000006ef6070000)]
  0x000001e1f7df4000 JavaThread "Finalizer" daemon [_thread_blocked, id=13060, stack(0x0000006ef6070000,0x0000006ef6260000)]
  0x000001e1f7df8000 JavaThread "Signal Dispatcher" daemon [_thread_blocked, id=828, stack(0x0000006ef6260000,0x0000006ef6450000)]
  0x000001e1f7df9000 JavaThread "Attach Listener" daemon [_thread_blocked, id=5936, stack(0x0000006ef6450000,0x0000006ef6640000)]
  0x000001e1f7df3800 JavaThread "Service Thread" daemon [_thread_blocked, id=9796, stack(0x0000006ef6640000,0x0000006ef6830000)]
  0x000001e1f7d97000 JavaThread "C2 CompilerThread0" daemon [_thread_blocked, id=10172, stack(0x0000006ef6830000,0x0000006ef6a20000)]
  0x000001e1f7d9a000 JavaThread "C1 CompilerThread0" daemon [_thread_blocked, id=5604, stack(0x0000006ef6a20000,0x0000006ef6c10000)]
  0x000001e1f7df5000 JavaThread "Sweeper thread" daemon [_thread_blocked, id=15956, stack(0x0000006ef6c10000,0x0000006ef6e00000)]
  0x000001e1f7dfa000 JavaThread "Common-Cleaner" daemon [_thread_blocked, id=16116, stack(0x0000006ef6ff0000,0x0000006ef71e0000)]
  0x000001e1f7df6000 JavaThread "Python Reference Queue" daemon [_thread_blocked, id=1820, stack(0x0000006ef71e0000,0x0000006ef73d0000)]
  0x000001e1f7dfc800 JavaThread "Thread-1" daemon [_thread_in_native, id=15740, stack(0x0000006ef31b0000,0x0000006ef33a0000)]

Other Threads:
=>0x000001e1f74bf800 VMThread "VM Thread" [stack: 0x0000006ef5c90000,0x0000006ef5e80000] [id=6880]
  0x000001e1f74bd800 WatcherThread [stack: 0x0000006ef6e00000,0x0000006ef6ff0000] [id=15648]
  0x000001e1f74bf000 GCTaskThread "GC Thread#0" [stack: 0x0000006ef52e0000,0x0000006ef54d0000] [id=1420]
  0x000001e1f74c2800 GCTaskThread "GC Thread#1" [stack: 0x0000006ef73d0000,0x0000006ef75c0000] [id=12844]
  0x000001e1f74c0800 GCTaskThread "GC Thread#2" [stack: 0x0000006ef75c0000,0x0000006ef77b0000] [id=15068]
  0x000001e1f74c3800 GCTaskThread "GC Thread#3" [stack: 0x0000006ef7f70000,0x0000006ef8160000] [id=14836]
  0x000001e1f74c7000 GCTaskThread "GC Thread#4" [stack: 0x0000006ef8160000,0x0000006ef8350000] [id=6540]
  0x000001e1f74c9000 GCTaskThread "GC Thread#5" [stack: 0x0000006ef8350000,0x0000006ef8540000] [id=10876]
  0x000001e1f74bb800 ConcurrentGCThread "G1 Main Marker" [stack: 0x0000006ef54d0000,0x0000006ef56c0000] [id=12564]
  0x000001e1f74bd000 ConcurrentGCThread "G1 Conc#0" [stack: 0x0000006ef56c0000,0x0000006ef58b0000] [id=11904]
  0x000001e1f74c1000 ConcurrentGCThread "G1 Conc#1" [stack: 0x0000006ef7b90000,0x0000006ef7d80000] [id=3304]
  0x000001e1f74b8800 ConcurrentGCThread "G1 Refine#0" [stack: 0x0000006ef58b0000,0x0000006ef5aa0000] [id=6456]
  0x000001e1f74c2000 ConcurrentGCThread "G1 Refine#1" [stack: 0x0000006ef79a0000,0x0000006ef7b90000] [id=10460]
  0x000001e1f5a8f000 ConcurrentGCThread "G1 Young RemSet Sampling" [stack: 0x0000006ef5aa0000,0x0000006ef5c90000] [id=11612]

Threads with active compile tasks:

VM state:at safepoint (normal execution)

VM Mutex/Monitor currently owned by a thread:  ([mutex/lock_event])
[0x000001e1e22c98f0] Threads_lock - owner thread: 0x000001e1f74bf800
[0x000001e1e22c7970] Heap_lock - owner thread: 0x000001e1f7df6000

Heap address: 0x00000000c0000000, size: 1024 MB, Compressed Oops mode: 32-bit
Narrow klass base: 0x0000000000000000, Narrow klass shift: 3
Compressed class space size: 1073741824 Address: 0x0000000100000000

Heap:
 garbage-first heap   total 266240K, used 142970K [0x00000000c0000000, 0x0000000100000000)
  region size 1024K, 65 young (66560K), 1 survivors (1024K)
 Metaspace       used 16689K, capacity 17178K, committed 17280K, reserved 1064960K
  class space    used 2162K, capacity 2343K, committed 2432K, reserved 1048576K
Heap Regions: E=young(eden), S=young(survivor), O=old, HS=humongous(starts), HC=humongous(continues), CS=collection set, F=free, A=archive, TAMS=top-at-mark-start (previous, next)
|   0|0x00000000c0000000, 0x00000000c0100000, 0x00000000c0100000|100%| O|  |TAMS 0x00000000c0000000, 0x00000000c0000000| Untracked 
|   1|0x00000000c0100000, 0x00000000c01ffff8, 0x00000000c0200000| 99%| O|  |TAMS 0x00000000c0100000, 0x00000000c0100000| Untracked 
|   2|0x00000000c0200000, 0x00000000c02ffff0, 0x00000000c0300000| 99%| O|  |TAMS 0x00000000c0200000, 0x00000000c0200000| Untracked 
|   3|0x00000000c0300000, 0x00000000c03ffff0, 0x00000000c0400000| 99%| O|  |TAMS 0x00000000c0300000, 0x00000000c0300000| Untracked 
|   4|0x00000000c0400000, 0x00000000c04ffff0, 0x00000000c0500000| 99%| O|  |TAMS 0x00000000c0400000, 0x00000000c0400000| Untracked 
|   5|0x00000000c0500000, 0x00000000c05ffff8, 0x00000000c0600000| 99%| O|  |TAMS 0x00000000c0500000, 0x00000000c0500000| Untracked 
|   6|0x00000000c0600000, 0x00000000c0700000, 0x00000000c0700000|100%| O|  |TAMS 0x00000000c0600000, 0x00000000c0600000| Untracked 
|   7|0x00000000c0700000, 0x00000000c07ffff0, 0x00000000c0800000| 99%| O|  |TAMS 0x00000000c0700000, 0x00000000c0700000| Untracked 
|   8|0x00000000c0800000, 0x00000000c08ffff8, 0x00000000c0900000| 99%| O|  |TAMS 0x00000000c0800000, 0x00000000c0800000| Untracked 
|   9|0x00000000c0900000, 0x00000000c0a00000, 0x00000000c0a00000|100%| O|  |TAMS 0x00000000c0900000, 0x00000000c0900000| Untracked 
|  10|0x00000000c0a00000, 0x00000000c0affff0, 0x00000000c0b00000| 99%| O|  |TAMS 0x00000000c0a00000, 0x00000000c0a00000| Untracked 
|  11|0x00000000c0b00000, 0x00000000c0bffff0, 0x00000000c0c00000| 99%| O|  |TAMS 0x00000000c0b00000, 0x00000000c0b00000| Untracked 
|  12|0x00000000c0c00000, 0x00000000c0d00000, 0x00000000c0d00000|100%| O|  |TAMS 0x00000000c0c00000, 0x00000000c0c00000| Untracked 
|  13|0x00000000c0d00000, 0x00000000c0e00000, 0x00000000c0e00000|100%|HS|  |TAMS 0x00000000c0d00000, 0x00000000c0d00000| Untracked 
|  14|0x00000000c0e00000, 0x00000000c0f00000, 0x00000000c0f00000|100%|HC|  |TAMS 0x00000000c0e00000, 0x00000000c0e00000| Untracked 
|  15|0x00000000c0f00000, 0x00000000c1000000, 0x00000000c1000000|100%| O|  |TAMS 0x00000000c0f00000, 0x00000000c0f00000| Untracked 
|  16|0x00000000c1000000, 0x00000000c1100000, 0x00000000c1100000|100%|HS|  |TAMS 0x00000000c1000000, 0x00000000c1000000| Untracked 
|  17|0x00000000c1100000, 0x00000000c1200000, 0x00000000c1200000|100%|HC|  |TAMS 0x00000000c1100000, 0x00000000c1100000| Untracked 
|  18|0x00000000c1200000, 0x00000000c12ffff0, 0x00000000c1300000| 99%| O|  |TAMS 0x00000000c1200000, 0x00000000c1200000| Untracked 
|  19|0x00000000c1300000, 0x00000000c13ffff0, 0x00000000c1400000| 99%| O|  |TAMS 0x00000000c1300000, 0x00000000c1300000| Untracked 
|  20|0x00000000c1400000, 0x00000000c14ffff0, 0x00000000c1500000| 99%| O|  |TAMS 0x00000000c1400000, 0x00000000c1400000| Untracked 
|  21|0x00000000c1500000, 0x00000000c15ffff8, 0x00000000c1600000| 99%| O|  |TAMS 0x00000000c1500000, 0x00000000c1500000| Untracked 
|  22|0x00000000c1600000, 0x00000000c16ffff0, 0x00000000c1700000| 99%| O|  |TAMS 0x00000000c1600000, 0x00000000c1600000| Untracked 
|  23|0x00000000c1700000, 0x00000000c1800000, 0x00000000c1800000|100%|HS|  |TAMS 0x00000000c1700000, 0x00000000c1700000| Untracked 
|  24|0x00000000c1800000, 0x00000000c1900000, 0x00000000c1900000|100%|HS|  |TAMS 0x00000000c1800000, 0x00000000c1800000| Untracked 
|  25|0x00000000c1900000, 0x00000000c1a00000, 0x00000000c1a00000|100%| O|  |TAMS 0x00000000c1900000, 0x00000000c1900000| Untracked 
|  26|0x00000000c1a00000, 0x00000000c1affff8, 0x00000000c1b00000| 99%| O|  |TAMS 0x00000000c1a00000, 0x00000000c1a00000| Untracked 
|  27|0x00000000c1b00000, 0x00000000c1c00000, 0x00000000c1c00000|100%| O|  |TAMS 0x00000000c1b00000, 0x00000000c1b00000| Untracked 
|  28|0x00000000c1c00000, 0x00000000c1d00000, 0x00000000c1d00000|100%| O|  |TAMS 0x00000000c1c00000, 0x00000000c1c00000| Untracked 
|  29|0x00000000c1d00000, 0x00000000c1dffff0, 0x00000000c1e00000| 99%| O|  |TAMS 0x00000000c1d00000, 0x00000000c1d00000| Untracked 
|  30|0x00000000c1e00000, 0x00000000c1f00000, 0x00000000c1f00000|100%| O|  |TAMS 0x00000000c1e00000, 0x00000000c1e00000| Untracked 
|  31|0x00000000c1f00000, 0x00000000c1fffff8, 0x00000000c2000000| 99%| O|  |TAMS 0x00000000c1f00000, 0x00000000c1f00000| Untracked 
|  32|0x00000000c2000000, 0x00000000c2100000, 0x00000000c2100000|100%| O|  |TAMS 0x00000000c2000000, 0x00000000c2000000| Untracked 
|  33|0x00000000c2100000, 0x00000000c21ffff0, 0x00000000c2200000| 99%| O|  |TAMS 0x00000000c2100000, 0x00000000c2100000| Untracked 
|  34|0x00000000c2200000, 0x00000000c2300000, 0x00000000c2300000|100%| O|  |TAMS 0x00000000c2200000, 0x00000000c2200000| Untracked 
|  35|0x00000000c2300000, 0x00000000c2400000, 0x00000000c2400000|100%| O|  |TAMS 0x00000000c2300000, 0x00000000c2300000| Untracked 
|  36|0x00000000c2400000, 0x00000000c2500000, 0x00000000c2500000|100%| O|  |TAMS 0x00000000c2400000, 0x00000000c2400000| Untracked 
|  37|0x00000000c2500000, 0x00000000c25ffff8, 0x00000000c2600000| 99%| O|  |TAMS 0x00000000c2500000, 0x00000000c2500000| Untracked 
|  38|0x00000000c2600000, 0x00000000c26ffff0, 0x00000000c2700000| 99%| O|  |TAMS 0x00000000c2600000, 0x00000000c2600000| Untracked 
|  39|0x00000000c2700000, 0x00000000c2800000, 0x00000000c2800000|100%| O|  |TAMS 0x00000000c2700000, 0x00000000c2700000| Untracked 
|  40|0x00000000c2800000, 0x00000000c2900000, 0x00000000c2900000|100%|HS|  |TAMS 0x00000000c2800000, 0x00000000c2800000| Untracked 
|  41|0x00000000c2900000, 0x00000000c2a00000, 0x00000000c2a00000|100%|HC|  |TAMS 0x00000000c2900000, 0x00000000c2900000| Untracked 
|  42|0x00000000c2a00000, 0x00000000c2b00000, 0x00000000c2b00000|100%|HS|  |TAMS 0x00000000c2a00000, 0x00000000c2a00000| Untracked 
|  43|0x00000000c2b00000, 0x00000000c2c00000, 0x00000000c2c00000|100%|HC|  |TAMS 0x00000000c2b00000, 0x00000000c2b00000| Untracked 
|  44|0x00000000c2c00000, 0x00000000c2cffff8, 0x00000000c2d00000| 99%| O|  |TAMS 0x00000000c2c00000, 0x00000000c2c00000| Untracked 
|  45|0x00000000c2d00000, 0x00000000c2dffff0, 0x00000000c2e00000| 99%| O|  |TAMS 0x00000000c2d00000, 0x00000000c2d00000| Untracked 
|  46|0x00000000c2e00000, 0x00000000c2effff0, 0x00000000c2f00000| 99%| O|  |TAMS 0x00000000c2e00000, 0x00000000c2e00000| Untracked 
|  47|0x00000000c2f00000, 0x00000000c3000000, 0x00000000c3000000|100%| O|  |TAMS 0x00000000c2f00000, 0x00000000c2f00000| Untracked 
|  48|0x00000000c3000000, 0x00000000c30ffff8, 0x00000000c3100000| 99%| O|  |TAMS 0x00000000c3000000, 0x00000000c3000000| Untracked 
|  49|0x00000000c3100000, 0x00000000c3200000, 0x00000000c3200000|100%|HS|  |TAMS 0x00000000c3100000, 0x00000000c3100000| Untracked 
|  50|0x00000000c3200000, 0x00000000c3300000, 0x00000000c3300000|100%|HC|  |TAMS 0x00000000c3200000, 0x00000000c3200000| Untracked 
|  51|0x00000000c3300000, 0x00000000c3400000, 0x00000000c3400000|100%|HS|  |TAMS 0x00000000c3300000, 0x00000000c3300000| Untracked 
|  52|0x00000000c3400000, 0x00000000c3500000, 0x00000000c3500000|100%|HC|  |TAMS 0x00000000c3400000, 0x00000000c3400000| Untracked 
|  53|0x00000000c3500000, 0x00000000c3600000, 0x00000000c3600000|100%|HS|  |TAMS 0x00000000c3500000, 0x00000000c3500000| Untracked 
|  54|0x00000000c3600000, 0x00000000c3700000, 0x00000000c3700000|100%| O|  |TAMS 0x00000000c3600000, 0x00000000c3600000| Untracked 
|  55|0x00000000c3700000, 0x00000000c3800000, 0x00000000c3800000|100%| O|  |TAMS 0x00000000c3700000, 0x00000000c3700000| Untracked 
|  56|0x00000000c3800000, 0x00000000c38ffff0, 0x00000000c3900000| 99%| O|  |TAMS 0x00000000c3800000, 0x00000000c3800000| Untracked 
|  57|0x00000000c3900000, 0x00000000c39ffff8, 0x00000000c3a00000| 99%| O|  |TAMS 0x00000000c3900000, 0x00000000c3900000| Untracked 
|  58|0x00000000c3a00000, 0x00000000c3affff0, 0x00000000c3b00000| 99%| O|  |TAMS 0x00000000c3a00000, 0x00000000c3a00000| Untracked 
|  59|0x00000000c3b00000, 0x00000000c3c00000, 0x00000000c3c00000|100%| O|  |TAMS 0x00000000c3b00000, 0x00000000c3b00000| Untracked 
|  60|0x00000000c3c00000, 0x00000000c3cffff0, 0x00000000c3d00000| 99%| O|  |TAMS 0x00000000c3c00000, 0x00000000c3c00000| Untracked 
|  61|0x00000000c3d00000, 0x00000000c3e00000, 0x00000000c3e00000|100%| O|  |TAMS 0x00000000c3d00000, 0x00000000c3d00000| Untracked 
|  62|0x00000000c3e00000, 0x00000000c3effff0, 0x00000000c3f00000| 99%| O|  |TAMS 0x00000000c3e00000, 0x00000000c3e00000| Untracked 
|  63|0x00000000c3f00000, 0x00000000c3fffff8, 0x00000000c4000000| 99%| O|  |TAMS 0x00000000c3f00000, 0x00000000c3f00000| Untracked 
|  64|0x00000000c4000000, 0x00000000c4100000, 0x00000000c4100000|100%| O|  |TAMS 0x00000000c4000000, 0x00000000c4000000| Untracked 
|  65|0x00000000c4100000, 0x00000000c41ffff0, 0x00000000c4200000| 99%| O|  |TAMS 0x00000000c4100000, 0x00000000c4100000| Untracked 
|  66|0x00000000c4200000, 0x00000000c4300000, 0x00000000c4300000|100%| O|  |TAMS 0x00000000c4200000, 0x00000000c4200000| Untracked 
|  67|0x00000000c4300000, 0x00000000c43ffff0, 0x00000000c4400000| 99%| O|  |TAMS 0x00000000c4300000, 0x00000000c4300000| Untracked 
|  68|0x00000000c4400000, 0x00000000c44ffff0, 0x00000000c4500000| 99%| O|  |TAMS 0x00000000c4400000, 0x00000000c4400000| Untracked 
|  69|0x00000000c4500000, 0x00000000c45ffff0, 0x00000000c4600000| 99%| O|  |TAMS 0x00000000c4500000, 0x00000000c4500000| Untracked 
|  70|0x00000000c4600000, 0x00000000c46ffff0, 0x00000000c4700000| 99%| O|  |TAMS 0x00000000c4600000, 0x00000000c4600000| Untracked 
|  71|0x00000000c4700000, 0x00000000c47ffff0, 0x00000000c4800000| 99%| O|  |TAMS 0x00000000c4700000, 0x00000000c4700000| Untracked 
|  72|0x00000000c4800000, 0x00000000c4900000, 0x00000000c4900000|100%| O|  |TAMS 0x00000000c4800000, 0x00000000c4800000| Untracked 
|  73|0x00000000c4900000, 0x00000000c4a00000, 0x00000000c4a00000|100%| O|  |TAMS 0x00000000c4900000, 0x00000000c4900000| Untracked 
|  74|0x00000000c4a00000, 0x00000000c4affff8, 0x00000000c4b00000| 99%| O|  |TAMS 0x00000000c4a00000, 0x00000000c4a00000| Untracked 
|  75|0x00000000c4b00000, 0x00000000c4bfffe8, 0x00000000c4c00000| 99%| O|  |TAMS 0x00000000c4b00000, 0x00000000c4b00000| Untracked 
|  76|0x00000000c4c00000, 0x00000000c4c56508, 0x00000000c4d00000| 33%| O|  |TAMS 0x00000000c4c00000, 0x00000000c4c00000| Untracked 
|  77|0x00000000c4d00000, 0x00000000c4d00000, 0x00000000c4e00000|  0%| F|  |TAMS 0x00000000c4d00000, 0x00000000c4d00000| Untracked 
|  78|0x00000000c4e00000, 0x00000000c4e00000, 0x00000000c4f00000|  0%| F|  |TAMS 0x00000000c4e00000, 0x00000000c4e00000| Untracked 
|  79|0x00000000c4f00000, 0x00000000c4f00000, 0x00000000c5000000|  0%| F|  |TAMS 0x00000000c4f00000, 0x00000000c4f00000| Untracked 
|  80|0x00000000c5000000, 0x00000000c5000000, 0x00000000c5100000|  0%| F|  |TAMS 0x00000000c5000000, 0x00000000c5000000| Untracked 
|  81|0x00000000c5100000, 0x00000000c5100000, 0x00000000c5200000|  0%| F|  |TAMS 0x00000000c5100000, 0x00000000c5100000| Untracked 
|  82|0x00000000c5200000, 0x00000000c5200000, 0x00000000c5300000|  0%| F|  |TAMS 0x00000000c5200000, 0x00000000c5200000| Untracked 
|  83|0x00000000c5300000, 0x00000000c5300000, 0x00000000c5400000|  0%| F|  |TAMS 0x00000000c5300000, 0x00000000c5300000| Untracked 
|  84|0x00000000c5400000, 0x00000000c5400000, 0x00000000c5500000|  0%| F|  |TAMS 0x00000000c5400000, 0x00000000c5400000| Untracked 
|  85|0x00000000c5500000, 0x00000000c5500000, 0x00000000c5600000|  0%| F|  |TAMS 0x00000000c5500000, 0x00000000c5500000| Untracked 
|  86|0x00000000c5600000, 0x00000000c5600000, 0x00000000c5700000|  0%| F|  |TAMS 0x00000000c5600000, 0x00000000c5600000| Untracked 
|  87|0x00000000c5700000, 0x00000000c5700000, 0x00000000c5800000|  0%| F|  |TAMS 0x00000000c5700000, 0x00000000c5700000| Untracked 
|  88|0x00000000c5800000, 0x00000000c5800000, 0x00000000c5900000|  0%| F|  |TAMS 0x00000000c5800000, 0x00000000c5800000| Untracked 
|  89|0x00000000c5900000, 0x00000000c5900000, 0x00000000c5a00000|  0%| F|  |TAMS 0x00000000c5900000, 0x00000000c5900000| Untracked 
|  90|0x00000000c5a00000, 0x00000000c5a00000, 0x00000000c5b00000|  0%| F|  |TAMS 0x00000000c5a00000, 0x00000000c5a00000| Untracked 
|  91|0x00000000c5b00000, 0x00000000c5b00000, 0x00000000c5c00000|  0%| F|  |TAMS 0x00000000c5b00000, 0x00000000c5b00000| Untracked 
|  92|0x00000000c5c00000, 0x00000000c5c00000, 0x00000000c5d00000|  0%| F|  |TAMS 0x00000000c5c00000, 0x00000000c5c00000| Untracked 
|  93|0x00000000c5d00000, 0x00000000c5d00000, 0x00000000c5e00000|  0%| F|  |TAMS 0x00000000c5d00000, 0x00000000c5d00000| Untracked 
|  94|0x00000000c5e00000, 0x00000000c5e00000, 0x00000000c5f00000|  0%| F|  |TAMS 0x00000000c5e00000, 0x00000000c5e00000| Untracked 
|  95|0x00000000c5f00000, 0x00000000c5f00000, 0x00000000c6000000|  0%| F|  |TAMS 0x00000000c5f00000, 0x00000000c5f00000| Untracked 
|  96|0x00000000c6000000, 0x00000000c6000000, 0x00000000c6100000|  0%| F|  |TAMS 0x00000000c6000000, 0x00000000c6000000| Untracked 
|  97|0x00000000c6100000, 0x00000000c6100000, 0x00000000c6200000|  0%| F|  |TAMS 0x00000000c6100000, 0x00000000c6100000| Untracked 
|  98|0x00000000c6200000, 0x00000000c6200000, 0x00000000c6300000|  0%| F|  |TAMS 0x00000000c6200000, 0x00000000c6200000| Untracked 
|  99|0x00000000c6300000, 0x00000000c6300000, 0x00000000c6400000|  0%| F|  |TAMS 0x00000000c6300000, 0x00000000c6300000| Untracked 
| 100|0x00000000c6400000, 0x00000000c6400000, 0x00000000c6500000|  0%| F|  |TAMS 0x00000000c6400000, 0x00000000c6400000| Untracked 
| 101|0x00000000c6500000, 0x00000000c6500000, 0x00000000c6600000|  0%| F|  |TAMS 0x00000000c6500000, 0x00000000c6500000| Untracked 
| 102|0x00000000c6600000, 0x00000000c6600000, 0x00000000c6700000|  0%| F|  |TAMS 0x00000000c6600000, 0x00000000c6600000| Untracked 
| 103|0x00000000c6700000, 0x00000000c6700000, 0x00000000c6800000|  0%| F|  |TAMS 0x00000000c6700000, 0x00000000c6700000| Untracked 
| 104|0x00000000c6800000, 0x00000000c6800000, 0x00000000c6900000|  0%| F|  |TAMS 0x00000000c6800000, 0x00000000c6800000| Untracked 
| 105|0x00000000c6900000, 0x00000000c6900000, 0x00000000c6a00000|  0%| F|  |TAMS 0x00000000c6900000, 0x00000000c6900000| Untracked 
| 106|0x00000000c6a00000, 0x00000000c6a00000, 0x00000000c6b00000|  0%| F|  |TAMS 0x00000000c6a00000, 0x00000000c6a00000| Untracked 
| 107|0x00000000c6b00000, 0x00000000c6b486f0, 0x00000000c6c00000| 28%| S|CS|TAMS 0x00000000c6b00000, 0x00000000c6b00000| Complete 
| 108|0x00000000c6c00000, 0x00000000c6c00000, 0x00000000c6d00000|  0%| F|  |TAMS 0x00000000c6c00000, 0x00000000c6c00000| Untracked 
| 109|0x00000000c6d00000, 0x00000000c6d00000, 0x00000000c6e00000|  0%| F|  |TAMS 0x00000000c6d00000, 0x00000000c6d00000| Untracked 
| 110|0x00000000c6e00000, 0x00000000c6e00000, 0x00000000c6f00000|  0%| F|  |TAMS 0x00000000c6e00000, 0x00000000c6e00000| Untracked 
| 111|0x00000000c6f00000, 0x00000000c6f00000, 0x00000000c7000000|  0%| F|  |TAMS 0x00000000c6f00000, 0x00000000c6f00000| Untracked 
| 112|0x00000000c7000000, 0x00000000c7000000, 0x00000000c7100000|  0%| F|  |TAMS 0x00000000c7000000, 0x00000000c7000000| Untracked 
| 113|0x00000000c7100000, 0x00000000c7100000, 0x00000000c7200000|  0%| F|  |TAMS 0x00000000c7100000, 0x00000000c7100000| Untracked 
| 114|0x00000000c7200000, 0x00000000c7200000, 0x00000000c7300000|  0%| F|  |TAMS 0x00000000c7200000, 0x00000000c7200000| Untracked 
| 115|0x00000000c7300000, 0x00000000c7300000, 0x00000000c7400000|  0%| F|  |TAMS 0x00000000c7300000, 0x00000000c7300000| Untracked 
| 116|0x00000000c7400000, 0x00000000c7400000, 0x00000000c7500000|  0%| F|  |TAMS 0x00000000c7400000, 0x00000000c7400000| Untracked 
| 117|0x00000000c7500000, 0x00000000c7500000, 0x00000000c7600000|  0%| F|  |TAMS 0x00000000c7500000, 0x00000000c7500000| Untracked 
| 118|0x00000000c7600000, 0x00000000c7600000, 0x00000000c7700000|  0%| F|  |TAMS 0x00000000c7600000, 0x00000000c7600000| Untracked 
| 119|0x00000000c7700000, 0x00000000c7700000, 0x00000000c7800000|  0%| F|  |TAMS 0x00000000c7700000, 0x00000000c7700000| Untracked 
| 120|0x00000000c7800000, 0x00000000c7800000, 0x00000000c7900000|  0%| F|  |TAMS 0x00000000c7800000, 0x00000000c7800000| Untracked 
| 121|0x00000000c7900000, 0x00000000c7900000, 0x00000000c7a00000|  0%| F|  |TAMS 0x00000000c7900000, 0x00000000c7900000| Untracked 
| 122|0x00000000c7a00000, 0x00000000c7a00000, 0x00000000c7b00000|  0%| F|  |TAMS 0x00000000c7a00000, 0x00000000c7a00000| Untracked 
| 123|0x00000000c7b00000, 0x00000000c7b00000, 0x00000000c7c00000|  0%| F|  |TAMS 0x00000000c7b00000, 0x00000000c7b00000| Untracked 
| 124|0x00000000c7c00000, 0x00000000c7c00000, 0x00000000c7d00000|  0%| F|  |TAMS 0x00000000c7c00000, 0x00000000c7c00000| Untracked 
| 125|0x00000000c7d00000, 0x00000000c7d00000, 0x00000000c7e00000|  0%| F|  |TAMS 0x00000000c7d00000, 0x00000000c7d00000| Untracked 
| 126|0x00000000c7e00000, 0x00000000c7e00000, 0x00000000c7f00000|  0%| F|  |TAMS 0x00000000c7e00000, 0x00000000c7e00000| Untracked 
| 127|0x00000000c7f00000, 0x00000000c7f00000, 0x00000000c8000000|  0%| F|  |TAMS 0x00000000c7f00000, 0x00000000c7f00000| Untracked 
| 128|0x00000000c8000000, 0x00000000c8000000, 0x00000000c8100000|  0%| F|  |TAMS 0x00000000c8000000, 0x00000000c8000000| Untracked 
| 129|0x00000000c8100000, 0x00000000c8100000, 0x00000000c8200000|  0%| F|  |TAMS 0x00000000c8100000, 0x00000000c8100000| Untracked 
| 130|0x00000000c8200000, 0x00000000c8200000, 0x00000000c8300000|  0%| F|  |TAMS 0x00000000c8200000, 0x00000000c8200000| Untracked 
| 131|0x00000000c8300000, 0x00000000c8300000, 0x00000000c8400000|  0%| F|  |TAMS 0x00000000c8300000, 0x00000000c8300000| Untracked 
| 132|0x00000000c8400000, 0x00000000c8400000, 0x00000000c8500000|  0%| F|  |TAMS 0x00000000c8400000, 0x00000000c8400000| Untracked 
| 133|0x00000000c8500000, 0x00000000c8500000, 0x00000000c8600000|  0%| F|  |TAMS 0x00000000c8500000, 0x00000000c8500000| Untracked 
| 134|0x00000000c8600000, 0x00000000c8600000, 0x00000000c8700000|  0%| F|  |TAMS 0x00000000c8600000, 0x00000000c8600000| Untracked 
| 135|0x00000000c8700000, 0x00000000c8700000, 0x00000000c8800000|  0%| F|  |TAMS 0x00000000c8700000, 0x00000000c8700000| Untracked 
| 136|0x00000000c8800000, 0x00000000c8800000, 0x00000000c8900000|  0%| F|  |TAMS 0x00000000c8800000, 0x00000000c8800000| Untracked 
| 137|0x00000000c8900000, 0x00000000c8900000, 0x00000000c8a00000|  0%| F|  |TAMS 0x00000000c8900000, 0x00000000c8900000| Untracked 
| 138|0x00000000c8a00000, 0x00000000c8a00000, 0x00000000c8b00000|  0%| F|  |TAMS 0x00000000c8a00000, 0x00000000c8a00000| Untracked 
| 139|0x00000000c8b00000, 0x00000000c8b00000, 0x00000000c8c00000|  0%| F|  |TAMS 0x00000000c8b00000, 0x00000000c8b00000| Untracked 
| 140|0x00000000c8c00000, 0x00000000c8c00000, 0x00000000c8d00000|  0%| F|  |TAMS 0x00000000c8c00000, 0x00000000c8c00000| Untracked 
| 141|0x00000000c8d00000, 0x00000000c8d00000, 0x00000000c8e00000|  0%| F|  |TAMS 0x00000000c8d00000, 0x00000000c8d00000| Untracked 
| 142|0x00000000c8e00000, 0x00000000c8e00000, 0x00000000c8f00000|  0%| F|  |TAMS 0x00000000c8e00000, 0x00000000c8e00000| Untracked 
| 143|0x00000000c8f00000, 0x00000000c8f00000, 0x00000000c9000000|  0%| F|  |TAMS 0x00000000c8f00000, 0x00000000c8f00000| Untracked 
| 144|0x00000000c9000000, 0x00000000c9000000, 0x00000000c9100000|  0%| F|  |TAMS 0x00000000c9000000, 0x00000000c9000000| Untracked 
| 145|0x00000000c9100000, 0x00000000c9100000, 0x00000000c9200000|  0%| F|  |TAMS 0x00000000c9100000, 0x00000000c9100000| Untracked 
| 146|0x00000000c9200000, 0x00000000c9200000, 0x00000000c9300000|  0%| F|  |TAMS 0x00000000c9200000, 0x00000000c9200000| Untracked 
| 147|0x00000000c9300000, 0x00000000c9300000, 0x00000000c9400000|  0%| F|  |TAMS 0x00000000c9300000, 0x00000000c9300000| Untracked 
| 148|0x00000000c9400000, 0x00000000c9400000, 0x00000000c9500000|  0%| F|  |TAMS 0x00000000c9400000, 0x00000000c9400000| Untracked 
| 149|0x00000000c9500000, 0x00000000c9500000, 0x00000000c9600000|  0%| F|  |TAMS 0x00000000c9500000, 0x00000000c9500000| Untracked 
| 150|0x00000000c9600000, 0x00000000c9600000, 0x00000000c9700000|  0%| F|  |TAMS 0x00000000c9600000, 0x00000000c9600000| Untracked 
| 151|0x00000000c9700000, 0x00000000c9700000, 0x00000000c9800000|  0%| F|  |TAMS 0x00000000c9700000, 0x00000000c9700000| Untracked 
| 152|0x00000000c9800000, 0x00000000c9800000, 0x00000000c9900000|  0%| F|  |TAMS 0x00000000c9800000, 0x00000000c9800000| Untracked 
| 153|0x00000000c9900000, 0x00000000c9900000, 0x00000000c9a00000|  0%| F|  |TAMS 0x00000000c9900000, 0x00000000c9900000| Untracked 
| 154|0x00000000c9a00000, 0x00000000c9a00000, 0x00000000c9b00000|  0%| F|  |TAMS 0x00000000c9a00000, 0x00000000c9a00000| Untracked 
| 155|0x00000000c9b00000, 0x00000000c9b00000, 0x00000000c9c00000|  0%| F|  |TAMS 0x00000000c9b00000, 0x00000000c9b00000| Untracked 
| 156|0x00000000c9c00000, 0x00000000c9c00000, 0x00000000c9d00000|  0%| F|  |TAMS 0x00000000c9c00000, 0x00000000c9c00000| Untracked 
| 157|0x00000000c9d00000, 0x00000000c9d00000, 0x00000000c9e00000|  0%| F|  |TAMS 0x00000000c9d00000, 0x00000000c9d00000| Untracked 
| 158|0x00000000c9e00000, 0x00000000c9e00000, 0x00000000c9f00000|  0%| F|  |TAMS 0x00000000c9e00000, 0x00000000c9e00000| Untracked 
| 159|0x00000000c9f00000, 0x00000000c9f00000, 0x00000000ca000000|  0%| F|  |TAMS 0x00000000c9f00000, 0x00000000c9f00000| Untracked 
| 160|0x00000000ca000000, 0x00000000ca000000, 0x00000000ca100000|  0%| F|  |TAMS 0x00000000ca000000, 0x00000000ca000000| Untracked 
| 161|0x00000000ca100000, 0x00000000ca100000, 0x00000000ca200000|  0%| F|  |TAMS 0x00000000ca100000, 0x00000000ca100000| Untracked 
| 162|0x00000000ca200000, 0x00000000ca200000, 0x00000000ca300000|  0%| F|  |TAMS 0x00000000ca200000, 0x00000000ca200000| Untracked 
| 163|0x00000000ca300000, 0x00000000ca300000, 0x00000000ca400000|  0%| F|  |TAMS 0x00000000ca300000, 0x00000000ca300000| Untracked 
| 164|0x00000000ca400000, 0x00000000ca400000, 0x00000000ca500000|  0%| F|  |TAMS 0x00000000ca400000, 0x00000000ca400000| Untracked 
| 165|0x00000000ca500000, 0x00000000ca500000, 0x00000000ca600000|  0%| F|  |TAMS 0x00000000ca500000, 0x00000000ca500000| Untracked 
| 166|0x00000000ca600000, 0x00000000ca600000, 0x00000000ca700000|  0%| F|  |TAMS 0x00000000ca600000, 0x00000000ca600000| Untracked 
| 167|0x00000000ca700000, 0x00000000ca700000, 0x00000000ca800000|  0%| F|  |TAMS 0x00000000ca700000, 0x00000000ca700000| Untracked 
| 168|0x00000000ca800000, 0x00000000ca800000, 0x00000000ca900000|  0%| F|  |TAMS 0x00000000ca800000, 0x00000000ca800000| Untracked 
| 169|0x00000000ca900000, 0x00000000ca900000, 0x00000000caa00000|  0%| F|  |TAMS 0x00000000ca900000, 0x00000000ca900000| Untracked 
| 170|0x00000000caa00000, 0x00000000caa00000, 0x00000000cab00000|  0%| F|  |TAMS 0x00000000caa00000, 0x00000000caa00000| Untracked 
| 171|0x00000000cab00000, 0x00000000cab00000, 0x00000000cac00000|  0%| F|  |TAMS 0x00000000cab00000, 0x00000000cab00000| Untracked 
| 172|0x00000000cac00000, 0x00000000cac00000, 0x00000000cad00000|  0%| F|  |TAMS 0x00000000cac00000, 0x00000000cac00000| Untracked 
| 173|0x00000000cad00000, 0x00000000cad00000, 0x00000000cae00000|  0%| F|  |TAMS 0x00000000cad00000, 0x00000000cad00000| Untracked 
| 174|0x00000000cae00000, 0x00000000cae00000, 0x00000000caf00000|  0%| F|  |TAMS 0x00000000cae00000, 0x00000000cae00000| Untracked 
| 175|0x00000000caf00000, 0x00000000caf00000, 0x00000000cb000000|  0%| F|  |TAMS 0x00000000caf00000, 0x00000000caf00000| Untracked 
| 176|0x00000000cb000000, 0x00000000cb000000, 0x00000000cb100000|  0%| F|  |TAMS 0x00000000cb000000, 0x00000000cb000000| Untracked 
| 177|0x00000000cb100000, 0x00000000cb100000, 0x00000000cb200000|  0%| F|  |TAMS 0x00000000cb100000, 0x00000000cb100000| Untracked 
| 178|0x00000000cb200000, 0x00000000cb200000, 0x00000000cb300000|  0%| F|  |TAMS 0x00000000cb200000, 0x00000000cb200000| Untracked 
| 179|0x00000000cb300000, 0x00000000cb300000, 0x00000000cb400000|  0%| F|  |TAMS 0x00000000cb300000, 0x00000000cb300000| Untracked 
| 180|0x00000000cb400000, 0x00000000cb400000, 0x00000000cb500000|  0%| F|  |TAMS 0x00000000cb400000, 0x00000000cb400000| Untracked 
| 181|0x00000000cb500000, 0x00000000cb500000, 0x00000000cb600000|  0%| F|  |TAMS 0x00000000cb500000, 0x00000000cb500000| Untracked 
| 182|0x00000000cb600000, 0x00000000cb600000, 0x00000000cb700000|  0%| F|  |TAMS 0x00000000cb600000, 0x00000000cb600000| Untracked 
| 183|0x00000000cb700000, 0x00000000cb700000, 0x00000000cb800000|  0%| F|  |TAMS 0x00000000cb700000, 0x00000000cb700000| Untracked 
| 184|0x00000000cb800000, 0x00000000cb800000, 0x00000000cb900000|  0%| F|  |TAMS 0x00000000cb800000, 0x00000000cb800000| Untracked 
| 185|0x00000000cb900000, 0x00000000cb900000, 0x00000000cba00000|  0%| F|  |TAMS 0x00000000cb900000, 0x00000000cb900000| Untracked 
| 186|0x00000000cba00000, 0x00000000cba00000, 0x00000000cbb00000|  0%| F|  |TAMS 0x00000000cba00000, 0x00000000cba00000| Untracked 
| 187|0x00000000cbb00000, 0x00000000cbb00000, 0x00000000cbc00000|  0%| F|  |TAMS 0x00000000cbb00000, 0x00000000cbb00000| Untracked 
| 188|0x00000000cbc00000, 0x00000000cbc00000, 0x00000000cbd00000|  0%| F|  |TAMS 0x00000000cbc00000, 0x00000000cbc00000| Untracked 
| 189|0x00000000cbd00000, 0x00000000cbd00000, 0x00000000cbe00000|  0%| F|  |TAMS 0x00000000cbd00000, 0x00000000cbd00000| Untracked 
| 190|0x00000000cbe00000, 0x00000000cbe00000, 0x00000000cbf00000|  0%| F|  |TAMS 0x00000000cbe00000, 0x00000000cbe00000| Untracked 
| 191|0x00000000cbf00000, 0x00000000cbf00000, 0x00000000cc000000|  0%| F|  |TAMS 0x00000000cbf00000, 0x00000000cbf00000| Untracked 
| 192|0x00000000cc000000, 0x00000000cc000000, 0x00000000cc100000|  0%| F|  |TAMS 0x00000000cc000000, 0x00000000cc000000| Untracked 
| 193|0x00000000cc100000, 0x00000000cc100000, 0x00000000cc200000|  0%| F|  |TAMS 0x00000000cc100000, 0x00000000cc100000| Untracked 
| 194|0x00000000cc200000, 0x00000000cc200000, 0x00000000cc300000|  0%| F|  |TAMS 0x00000000cc200000, 0x00000000cc200000| Untracked 
| 195|0x00000000cc300000, 0x00000000cc400000, 0x00000000cc400000|100%| E|  |TAMS 0x00000000cc300000, 0x00000000cc300000| Complete 
| 196|0x00000000cc400000, 0x00000000cc500000, 0x00000000cc500000|100%| E|CS|TAMS 0x00000000cc400000, 0x00000000cc400000| Complete 
| 197|0x00000000cc500000, 0x00000000cc600000, 0x00000000cc600000|100%| E|CS|TAMS 0x00000000cc500000, 0x00000000cc500000| Complete 
| 198|0x00000000cc600000, 0x00000000cc700000, 0x00000000cc700000|100%| E|CS|TAMS 0x00000000cc600000, 0x00000000cc600000| Complete 
| 199|0x00000000cc700000, 0x00000000cc800000, 0x00000000cc800000|100%| E|CS|TAMS 0x00000000cc700000, 0x00000000cc700000| Complete 
| 200|0x00000000cc800000, 0x00000000cc900000, 0x00000000cc900000|100%| E|CS|TAMS 0x00000000cc800000, 0x00000000cc800000| Complete 
| 201|0x00000000cc900000, 0x00000000cca00000, 0x00000000cca00000|100%| E|CS|TAMS 0x00000000cc900000, 0x00000000cc900000| Complete 
| 202|0x00000000cca00000, 0x00000000ccb00000, 0x00000000ccb00000|100%| E|CS|TAMS 0x00000000cca00000, 0x00000000cca00000| Complete 
| 203|0x00000000ccb00000, 0x00000000ccc00000, 0x00000000ccc00000|100%| E|CS|TAMS 0x00000000ccb00000, 0x00000000ccb00000| Complete 
| 204|0x00000000ccc00000, 0x00000000ccd00000, 0x00000000ccd00000|100%| E|CS|TAMS 0x00000000ccc00000, 0x00000000ccc00000| Complete 
| 205|0x00000000ccd00000, 0x00000000cce00000, 0x00000000cce00000|100%| E|CS|TAMS 0x00000000ccd00000, 0x00000000ccd00000| Complete 
| 206|0x00000000cce00000, 0x00000000ccf00000, 0x00000000ccf00000|100%| E|CS|TAMS 0x00000000cce00000, 0x00000000cce00000| Complete 
| 207|0x00000000ccf00000, 0x00000000cd000000, 0x00000000cd000000|100%| E|CS|TAMS 0x00000000ccf00000, 0x00000000ccf00000| Complete 
| 208|0x00000000cd000000, 0x00000000cd100000, 0x00000000cd100000|100%| E|CS|TAMS 0x00000000cd000000, 0x00000000cd000000| Complete 
| 209|0x00000000cd100000, 0x00000000cd200000, 0x00000000cd200000|100%| E|CS|TAMS 0x00000000cd100000, 0x00000000cd100000| Complete 
| 210|0x00000000cd200000, 0x00000000cd300000, 0x00000000cd300000|100%| E|CS|TAMS 0x00000000cd200000, 0x00000000cd200000| Complete 
| 211|0x00000000cd300000, 0x00000000cd400000, 0x00000000cd400000|100%| E|CS|TAMS 0x00000000cd300000, 0x00000000cd300000| Complete 
| 212|0x00000000cd400000, 0x00000000cd500000, 0x00000000cd500000|100%| E|CS|TAMS 0x00000000cd400000, 0x00000000cd400000| Complete 
| 213|0x00000000cd500000, 0x00000000cd600000, 0x00000000cd600000|100%| E|CS|TAMS 0x00000000cd500000, 0x00000000cd500000| Complete 
| 214|0x00000000cd600000, 0x00000000cd600038, 0x00000000cd700000|  0%| O|  |TAMS 0x00000000cd600000, 0x00000000cd600000| Untracked 
| 215|0x00000000cd700000, 0x00000000cd800000, 0x00000000cd800000|100%| E|CS|TAMS 0x00000000cd700000, 0x00000000cd700000| Complete 
| 216|0x00000000cd800000, 0x00000000cd900000, 0x00000000cd900000|100%| E|CS|TAMS 0x00000000cd800000, 0x00000000cd800000| Complete 
| 217|0x00000000cd900000, 0x00000000cda00000, 0x00000000cda00000|100%| E|CS|TAMS 0x00000000cd900000, 0x00000000cd900000| Complete 
| 218|0x00000000cda00000, 0x00000000cdb00000, 0x00000000cdb00000|100%| E|CS|TAMS 0x00000000cda00000, 0x00000000cda00000| Complete 
| 219|0x00000000cdb00000, 0x00000000cdc00000, 0x00000000cdc00000|100%| E|CS|TAMS 0x00000000cdb00000, 0x00000000cdb00000| Complete 
| 220|0x00000000cdc00000, 0x00000000cdd00000, 0x00000000cdd00000|100%| E|CS|TAMS 0x00000000cdc00000, 0x00000000cdc00000| Complete 
| 221|0x00000000cdd00000, 0x00000000cde00000, 0x00000000cde00000|100%| E|CS|TAMS 0x00000000cdd00000, 0x00000000cdd00000| Complete 
| 222|0x00000000cde00000, 0x00000000cdf00000, 0x00000000cdf00000|100%| E|CS|TAMS 0x00000000cde00000, 0x00000000cde00000| Complete 
| 223|0x00000000cdf00000, 0x00000000ce000000, 0x00000000ce000000|100%| E|CS|TAMS 0x00000000cdf00000, 0x00000000cdf00000| Complete 
| 224|0x00000000ce000000, 0x00000000ce100000, 0x00000000ce100000|100%| E|CS|TAMS 0x00000000ce000000, 0x00000000ce000000| Complete 
| 225|0x00000000ce100000, 0x00000000ce200000, 0x00000000ce200000|100%| E|CS|TAMS 0x00000000ce100000, 0x00000000ce100000| Complete 
| 226|0x00000000ce200000, 0x00000000ce300000, 0x00000000ce300000|100%| E|CS|TAMS 0x00000000ce200000, 0x00000000ce200000| Complete 
| 227|0x00000000ce300000, 0x00000000ce400000, 0x00000000ce400000|100%| E|CS|TAMS 0x00000000ce300000, 0x00000000ce300000| Complete 
| 228|0x00000000ce400000, 0x00000000ce500000, 0x00000000ce500000|100%| E|CS|TAMS 0x00000000ce400000, 0x00000000ce400000| Complete 
| 229|0x00000000ce500000, 0x00000000ce600000, 0x00000000ce600000|100%| E|CS|TAMS 0x00000000ce500000, 0x00000000ce500000| Complete 
| 230|0x00000000ce600000, 0x00000000ce700000, 0x00000000ce700000|100%| E|CS|TAMS 0x00000000ce600000, 0x00000000ce600000| Complete 
| 231|0x00000000ce700000, 0x00000000ce800000, 0x00000000ce800000|100%| E|CS|TAMS 0x00000000ce700000, 0x00000000ce700000| Complete 
| 232|0x00000000ce800000, 0x00000000ce900000, 0x00000000ce900000|100%| E|CS|TAMS 0x00000000ce800000, 0x00000000ce800000| Complete 
| 233|0x00000000ce900000, 0x00000000cea00000, 0x00000000cea00000|100%| E|CS|TAMS 0x00000000ce900000, 0x00000000ce900000| Complete 
| 234|0x00000000cea00000, 0x00000000ceb00000, 0x00000000ceb00000|100%| E|CS|TAMS 0x00000000cea00000, 0x00000000cea00000| Complete 
| 235|0x00000000ceb00000, 0x00000000cec00000, 0x00000000cec00000|100%| E|CS|TAMS 0x00000000ceb00000, 0x00000000ceb00000| Complete 
| 236|0x00000000cec00000, 0x00000000ced00000, 0x00000000ced00000|100%| E|CS|TAMS 0x00000000cec00000, 0x00000000cec00000| Complete 
| 237|0x00000000ced00000, 0x00000000cee00000, 0x00000000cee00000|100%| E|CS|TAMS 0x00000000ced00000, 0x00000000ced00000| Complete 
| 238|0x00000000cee00000, 0x00000000cef00000, 0x00000000cef00000|100%| E|CS|TAMS 0x00000000cee00000, 0x00000000cee00000| Complete 
| 239|0x00000000cef00000, 0x00000000cf000000, 0x00000000cf000000|100%| E|CS|TAMS 0x00000000cef00000, 0x00000000cef00000| Complete 
| 240|0x00000000cf000000, 0x00000000cf100000, 0x00000000cf100000|100%| E|CS|TAMS 0x00000000cf000000, 0x00000000cf000000| Complete 
| 241|0x00000000cf100000, 0x00000000cf200000, 0x00000000cf200000|100%| E|CS|TAMS 0x00000000cf100000, 0x00000000cf100000| Complete 
| 242|0x00000000cf200000, 0x00000000cf300000, 0x00000000cf300000|100%| E|CS|TAMS 0x00000000cf200000, 0x00000000cf200000| Complete 
| 243|0x00000000cf300000, 0x00000000cf400000, 0x00000000cf400000|100%| E|CS|TAMS 0x00000000cf300000, 0x00000000cf300000| Complete 
| 244|0x00000000cf400000, 0x00000000cf500000, 0x00000000cf500000|100%| E|CS|TAMS 0x00000000cf400000, 0x00000000cf400000| Complete 
| 245|0x00000000cf500000, 0x00000000cf600000, 0x00000000cf600000|100%| E|CS|TAMS 0x00000000cf500000, 0x00000000cf500000| Complete 
| 246|0x00000000cf600000, 0x00000000cf700000, 0x00000000cf700000|100%| E|CS|TAMS 0x00000000cf600000, 0x00000000cf600000| Complete 
| 247|0x00000000cf700000, 0x00000000cf800000, 0x00000000cf800000|100%| E|CS|TAMS 0x00000000cf700000, 0x00000000cf700000| Complete 
| 248|0x00000000cf800000, 0x00000000cf900000, 0x00000000cf900000|100%| E|CS|TAMS 0x00000000cf800000, 0x00000000cf800000| Complete 
| 249|0x00000000cf900000, 0x00000000cfa00000, 0x00000000cfa00000|100%| E|CS|TAMS 0x00000000cf900000, 0x00000000cf900000| Complete 
| 250|0x00000000cfa00000, 0x00000000cfb00000, 0x00000000cfb00000|100%| E|CS|TAMS 0x00000000cfa00000, 0x00000000cfa00000| Complete 
| 251|0x00000000cfb00000, 0x00000000cfc00000, 0x00000000cfc00000|100%| E|CS|TAMS 0x00000000cfb00000, 0x00000000cfb00000| Complete 
| 252|0x00000000cfc00000, 0x00000000cfd00000, 0x00000000cfd00000|100%| E|CS|TAMS 0x00000000cfc00000, 0x00000000cfc00000| Complete 
| 253|0x00000000cfd00000, 0x00000000cfe00000, 0x00000000cfe00000|100%| E|CS|TAMS 0x00000000cfd00000, 0x00000000cfd00000| Complete 
| 254|0x00000000cfe00000, 0x00000000cff00000, 0x00000000cff00000|100%| E|CS|TAMS 0x00000000cfe00000, 0x00000000cfe00000| Complete 
| 255|0x00000000cff00000, 0x00000000d0000000, 0x00000000d0000000|100%| E|CS|TAMS 0x00000000cff00000, 0x00000000cff00000| Complete 
| 256|0x00000000d0000000, 0x00000000d0100000, 0x00000000d0100000|100%| E|CS|TAMS 0x00000000d0000000, 0x00000000d0000000| Complete 
| 257|0x00000000d0100000, 0x00000000d0200000, 0x00000000d0200000|100%| E|CS|TAMS 0x00000000d0100000, 0x00000000d0100000| Complete 
| 258|0x00000000d0200000, 0x00000000d0300000, 0x00000000d0300000|100%| E|CS|TAMS 0x00000000d0200000, 0x00000000d0200000| Complete 
| 259|0x00000000d0300000, 0x00000000d0400000, 0x00000000d0400000|100%| E|CS|TAMS 0x00000000d0300000, 0x00000000d0300000| Complete 

Card table byte_map: [0x000001e1fae30000,0x000001e1fb030000] _byte_map_base: 0x000001e1fa830000

Marking Bits (Prev, Next): (CMBitMap*) 0x000001e1f6ec6080, (CMBitMap*) 0x000001e1f6ec6048
 Prev Bits: [0x000001e1fc230000, 0x000001e1fd230000)
 Next Bits: [0x000001e1fb230000, 0x000001e1fc230000)

Polling page: 0x000001e1f2470000

Metaspace:

Usage:
  Non-class:     14.49 MB capacity,    14.19 MB ( 98%) used,   266.20 KB (  2%) free+waste,    42.38 KB ( <1%) overhead. 
      Class:      2.29 MB capacity,     2.11 MB ( 92%) used,   159.64 KB (  7%) free+waste,    20.63 KB ( <1%) overhead. 
       Both:     16.78 MB capacity,    16.30 MB ( 97%) used,   425.84 KB (  2%) free+waste,    63.00 KB ( <1%) overhead. 

Virtual space:
  Non-class space:       16.00 MB reserved,      14.50 MB ( 91%) committed 
      Class space:        1.00 GB reserved,       2.38 MB ( <1%) committed 
             Both:        1.02 GB reserved,      16.88 MB (  2%) committed 

Chunk freelists:
   Non-Class:  1.63 KB
       Class:  384 bytes
        Both:  2.00 KB

CodeHeap 'non-profiled nmethods': size=120064Kb used=3192Kb max_used=3192Kb free=116871Kb
 bounds [0x000001e18f010000, 0x000001e18f330000, 0x000001e196550000]
CodeHeap 'profiled nmethods': size=120000Kb used=6803Kb max_used=6803Kb free=113196Kb
 bounds [0x000001e187ae0000, 0x000001e188190000, 0x000001e18f010000]
CodeHeap 'non-nmethods': size=5696Kb used=1096Kb max_used=1186Kb free=4599Kb
 bounds [0x000001e187550000, 0x000001e1877c0000, 0x000001e187ae0000]
 total_blobs=4188 nmethods=3784 adapters=315
 compilation: enabled
              stopped_count=0, restarted_count=0
 full_count=0

Compilation events (10 events):
Event: 476.609 Thread 0x000001e1f7d97000 3796       4       java.util.regex.Pattern$CharPropertyGreedy::study (45 bytes)
Event: 476.610 Thread 0x000001e1f7d97000 nmethod 3796 0x000001e18f329710 code [0x000001e18f3298a0, 0x000001e18f3299e8]
Event: 478.683 Thread 0x000001e1f7d97000 3797       4       org.openkoreantext.processor.stemmer.KoreanStemmer$::stem (38 bytes)
Event: 478.694 Thread 0x000001e1f7d97000 nmethod 3797 0x000001e18f329b90 code [0x000001e18f329dc0, 0x000001e18f32a408]
Event: 478.695 Thread 0x000001e1f7d97000 3798   !   4       org.openkoreantext.processor.tokenizer.KoreanTokenizer$::tokenizeTopN (91 bytes)
Event: 478.710 Thread 0x000001e1f7d97000 nmethod 3798 0x000001e18f32ab90 code [0x000001e18f32ae00, 0x000001e18f32bb30]
Event: 1079.445 Thread 0x000001e1f7d97000 3799       4       java.lang.ref.ReferenceQueue::reallyPoll (65 bytes)
Event: 1079.458 Thread 0x000001e1f7d97000 nmethod 3799 0x000001e18f32c710 code [0x000001e18f32c8a0, 0x000001e18f32cbb8]
Event: 1816.799 Thread 0x000001e1f7d97000 3800       4       java.util.regex.Pattern$Curly::match0 (174 bytes)
Event: 1816.879 Thread 0x000001e1f7d97000 nmethod 3800 0x000001e18f32cc90 code [0x000001e18f32cec0, 0x000001e18f32d990]

GC Heap History (10 events):
Event: 2200.515 GC heap before
{Heap before GC invocations=5166 (full 74):
 garbage-first heap   total 266240K, used 233176K [0x00000000c0000000, 0x0000000100000000)
  region size 1024K, 152 young (155648K), 1 survivors (1024K)
 Metaspace       used 16689K, capacity 17178K, committed 17280K, reserved 1064960K
  class space    used 2162K, capacity 2343K, committed 2432K, reserved 1048576K
}
Event: 2200.639 GC heap after
{Heap after GC invocations=5167 (full 74):
 garbage-first heap   total 266240K, used 78300K [0x00000000c0000000, 0x0000000100000000)
  region size 1024K, 1 young (1024K), 1 survivors (1024K)
 Metaspace       used 16689K, capacity 17178K, committed 17280K, reserved 1064960K
  class space    used 2162K, capacity 2343K, committed 2432K, reserved 1048576K
}
Event: 2207.124 GC heap before
{Heap before GC invocations=5167 (full 74):
 garbage-first heap   total 266240K, used 233948K [0x00000000c0000000, 0x0000000100000000)
  region size 1024K, 153 young (156672K), 1 survivors (1024K)
 Metaspace       used 16689K, capacity 17178K, committed 17280K, reserved 1064960K
  class space    used 2162K, capacity 2343K, committed 2432K, reserved 1048576K
}
Event: 2207.143 GC heap after
{Heap after GC invocations=5168 (full 74):
 garbage-first heap   total 266240K, used 79261K [0x00000000c0000000, 0x0000000100000000)
  region size 1024K, 2 young (2048K), 2 survivors (2048K)
 Metaspace       used 16689K, capacity 17178K, committed 17280K, reserved 1064960K
  class space    used 2162K, capacity 2343K, committed 2432K, reserved 1048576K
}
Event: 2207.440 GC heap before
{Heap before GC invocations=5168 (full 74):
 garbage-first heap   total 266240K, used 233885K [0x00000000c0000000, 0x0000000100000000)
  region size 1024K, 153 young (156672K), 2 survivors (2048K)
 Metaspace       used 16689K, capacity 17178K, committed 17280K, reserved 1064960K
  class space    used 2162K, capacity 2343K, committed 2432K, reserved 1048576K
}
Event: 2207.448 GC heap after
{Heap after GC invocations=5169 (full 74):
 garbage-first heap   total 266240K, used 79522K [0x00000000c0000000, 0x0000000100000000)
  region size 1024K, 2 young (2048K), 2 survivors (2048K)
 Metaspace       used 16689K, capacity 17178K, committed 17280K, reserved 1064960K
  class space    used 2162K, capacity 2343K, committed 2432K, reserved 1048576K
}
Event: 2207.653 GC heap before
{Heap before GC invocations=5169 (full 74):
 garbage-first heap   total 266240K, used 234146K [0x00000000c0000000, 0x0000000100000000)
  region size 1024K, 153 young (156672K), 2 survivors (2048K)
 Metaspace       used 16689K, capacity 17178K, committed 17280K, reserved 1064960K
  class space    used 2162K, capacity 2343K, committed 2432K, reserved 1048576K
}
Event: 2207.655 GC heap after
{Heap after GC invocations=5170 (full 74):
 garbage-first heap   total 266240K, used 79851K [0x00000000c0000000, 0x0000000100000000)
  region size 1024K, 2 young (2048K), 2 survivors (2048K)
 Metaspace       used 16689K, capacity 17178K, committed 17280K, reserved 1064960K
  class space    used 2162K, capacity 2343K, committed 2432K, reserved 1048576K
}
Event: 2232.369 GC heap before
{Heap before GC invocations=5170 (full 74):
 garbage-first heap   total 266240K, used 234475K [0x00000000c0000000, 0x0000000100000000)
  region size 1024K, 153 young (156672K), 2 survivors (2048K)
 Metaspace       used 16689K, capacity 17178K, committed 17280K, reserved 1064960K
  class space    used 2162K, capacity 2343K, committed 2432K, reserved 1048576K
}
Event: 2232.594 GC heap after
{Heap after GC invocations=5171 (full 74):
 garbage-first heap   total 266240K, used 78458K [0x00000000c0000000, 0x0000000100000000)
  region size 1024K, 1 young (1024K), 1 survivors (1024K)
 Metaspace       used 16689K, capacity 17178K, committed 17280K, reserved 1064960K
  class space    used 2162K, capacity 2343K, committed 2432K, reserved 1048576K
}

Deoptimization events (10 events):
Event: 135.900 Thread 0x000001e1f7ded000 Uncommon trap: reason=bimorphic_or_optimized_type_check action=maybe_recompile pc=0x000001e18f22e350 method=scala.collection.immutable.HashMap$HashTrieMap.get0(Ljava/lang/Object;II)Lscala/Option; @ 28 c2
Event: 149.922 Thread 0x000001e1f7ded000 Uncommon trap: reason=unstable_if action=reinterpret pc=0x000001e18f2fb554 method=java.util.TimSort.mergeLo(IIII)V @ 487 c2
Event: 159.772 Thread 0x000001e1f7ded000 Uncommon trap: reason=class_check action=maybe_recompile pc=0x000001e18f305fd0 method=java.util.regex.Pattern$Ques.match(Ljava/util/regex/Matcher;ILjava/lang/CharSequence;)Z @ 59 c2
Event: 162.784 Thread 0x000001e1f7ded000 Uncommon trap: reason=class_check action=maybe_recompile pc=0x000001e18f305fd0 method=java.util.regex.Pattern$Ques.match(Ljava/util/regex/Matcher;ILjava/lang/CharSequence;)Z @ 59 c2
Event: 181.132 Thread 0x000001e1f7ded000 Uncommon trap: reason=bimorphic_or_optimized_type_check action=maybe_recompile pc=0x000001e18f31ee70 method=java.util.regex.Pattern$Ques.match(Ljava/util/regex/Matcher;ILjava/lang/CharSequence;)Z @ 72 c2
Event: 229.909 Thread 0x000001e1f7ded000 Uncommon trap: reason=bimorphic_or_optimized_type_check action=maybe_recompile pc=0x000001e18f31ee70 method=java.util.regex.Pattern$Ques.match(Ljava/util/regex/Matcher;ILjava/lang/CharSequence;)Z @ 72 c2
Event: 238.800 Thread 0x000001e1f7ded000 Uncommon trap: reason=bimorphic_or_optimized_type_check action=maybe_recompile pc=0x000001e18f22e350 method=scala.collection.immutable.HashMap$HashTrieMap.get0(Ljava/lang/Object;II)Lscala/Option; @ 28 c2
Event: 291.358 Thread 0x000001e1f7ded000 Uncommon trap: reason=bimorphic_or_optimized_type_check action=maybe_recompile pc=0x000001e18f22e350 method=scala.collection.immutable.HashMap$HashTrieMap.get0(Ljava/lang/Object;II)Lscala/Option; @ 28 c2
Event: 385.073 Thread 0x000001e1f7ded000 Uncommon trap: reason=unstable_if action=reinterpret pc=0x000001e18f24803c method=java.util.TimSort.sort([Ljava/lang/Object;IILjava/util/Comparator;[Ljava/lang/Object;II)V @ 114 c2
Event: 702.423 Thread 0x000001e1f7ded000 Uncommon trap: reason=bimorphic_or_optimized_type_check action=maybe_recompile pc=0x000001e18f31ee70 method=java.util.regex.Pattern$Ques.match(Ljava/util/regex/Matcher;ILjava/lang/CharSequence;)Z @ 72 c2

Classes redefined (0 events):
No events

Internal exceptions (10 events):
Event: 1.917 Thread 0x000001e1f7ded000 Exception <a 'java/lang/NoSuchMethodError'{0x00000000c0f43cf0}: java.lang.invoke.DirectMethodHandle$Holder.invokeStaticInit(Ljava/lang/Object;Ljava/lang/Object;Ljava/lang/Object;Ljava/lang/Object;)Ljava/lang/Object;> (0x00000000c0f43cf0) thrown at [./open
Event: 3.014 Thread 0x000001e1f7ded000 Exception <a 'java/lang/NoSuchMethodError'{0x00000000c3d06070}: java.lang.invoke.Invokers$Holder.linkToTargetMethod(Ljava/lang/Object;ILjava/lang/Object;)Ljava/lang/Object;> (0x00000000c3d06070) thrown at [./open/src/hotspot/share/interpreter/linkResolver
Event: 3.020 Thread 0x000001e1f7ded000 Exception <a 'java/lang/NoSuchMethodError'{0x00000000c3d2b018}: java.lang.invoke.DirectMethodHandle$Holder.invokeStatic(Ljava/lang/Object;ILjava/lang/Object;)Ljava/lang/Object;> (0x00000000c3d2b018) thrown at [./open/src/hotspot/share/interpreter/linkReso
Event: 3.024 Thread 0x000001e1f7ded000 Exception <a 'java/lang/NoSuchMethodError'{0x00000000c3d429e0}: java.lang.invoke.DirectMethodHandle$Holder.invokeStatic(Ljava/lang/Object;IILjava/lang/Object;)Ljava/lang/Object;> (0x00000000c3d429e0) thrown at [./open/src/hotspot/share/interpreter/linkRes
Event: 4.769 Thread 0x000001e1f7ded000 Exception <a 'java/lang/NoSuchMethodError'{0x00000000ca585de8}: java.lang.invoke.DirectMethodHandle$Holder.invokeStatic(Ljava/lang/Object;Ljava/lang/Object;Ljava/lang/Object;Ljava/lang/Object;ILjava/lang/Object;)Ljava/lang/Object;> (0x00000000ca585de8) th
Event: 4.770 Thread 0x000001e1f7ded000 Exception <a 'java/lang/NoSuchMethodError'{0x00000000ca5898a8}: java.lang.invoke.DirectMethodHandle$Holder.invokeSpecial(Ljava/lang/Object;Ljava/lang/Object;Ljava/lang/Object;Ljava/lang/Object;Ljava/lang/Object;ILjava/lang/Object;)Ljava/lang/Object;> (0x0
Event: 4.770 Thread 0x000001e1f7ded000 Exception <a 'java/lang/NoSuchMethodError'{0x00000000ca58cc48}: java.lang.invoke.Invokers$Holder.linkToTargetMethod(Ljava/lang/Object;Ljava/lang/Object;Ljava/lang/Object;ILjava/lang/Object;Ljava/lang/Object;)Ljava/lang/Object;> (0x00000000ca58cc48) thrown
Event: 4.953 Thread 0x000001e1f7ded000 Exception <a 'java/lang/NoSuchMethodError'{0x00000000c8109a50}: java.lang.invoke.DirectMethodHandle$Holder.invokeStaticInit(Ljava/lang/Object;Ljava/lang/Object;Ljava/lang/Object;Ljava/lang/Object;Ljava/lang/Object;)Ljava/lang/Object;> (0x00000000c8109a50)
Event: 4.957 Thread 0x000001e1f7ded000 Exception <a 'java/lang/NoSuchMethodError'{0x00000000c8118c50}: java.lang.invoke.Invokers$Holder.invoker(Ljava/lang/Object;Ljava/lang/Object;Ljava/lang/Object;)Ljava/lang/Object;> (0x00000000c8118c50) thrown at [./open/src/hotspot/share/interpreter/linkRe
Event: 4.960 Thread 0x000001e1f7ded000 Exception <a 'java/lang/NoSuchMethodError'{0x00000000c8128ab8}: java.lang.invoke.DelegatingMethodHandle$Holder.delegate(Ljava/lang/Object;Ljava/lang/Object;ILjava/lang/Object;)V> (0x00000000c8128ab8) thrown at [./open/src/hotspot/share/interpreter/linkRes

Events (10 events):
Event: 2200.640 Executing VM operation: G1CollectForAllocation done
Event: 2207.124 Executing VM operation: G1CollectForAllocation
Event: 2207.143 Executing VM operation: G1CollectForAllocation done
Event: 2207.310 Executing VM operation: G1CollectForAllocation
Event: 2207.448 Executing VM operation: G1CollectForAllocation done
Event: 2207.642 Executing VM operation: G1CollectForAllocation
Event: 2207.655 Executing VM operation: G1CollectForAllocation done
Event: 2232.203 Executing VM operation: G1CollectForAllocation
Event: 2232.594 Executing VM operation: G1CollectForAllocation done
Event: 2471.971 Executing VM operation: G1CollectFull


Dynamic libraries:
0x00007ff773130000 - 0x00007ff77314c000 	C:\Users\user\anaconda3\python.exe
0x00007ffb59370000 - 0x00007ffb59565000 	C:\WINDOWS\SYSTEM32\ntdll.dll
0x00007ffb58600000 - 0x00007ffb586be000 	C:\WINDOWS\System32\KERNEL32.DLL
0x00007ffb57100000 - 0x00007ffb573c8000 	C:\WINDOWS\System32\KERNELBASE.dll
0x00007ffb56f90000 - 0x00007ffb57090000 	C:\WINDOWS\System32\ucrtbase.dll
0x00007ffb1a290000 - 0x00007ffb1a6fd000 	C:\Users\user\anaconda3\python39.dll
0x00007ffb583f0000 - 0x00007ffb5845b000 	C:\WINDOWS\System32\WS2_32.dll
0x00007ffb59030000 - 0x00007ffb59155000 	C:\WINDOWS\System32\RPCRT4.dll
0x00007ffb58340000 - 0x00007ffb583ee000 	C:\WINDOWS\System32\ADVAPI32.dll
0x00007ffb59160000 - 0x00007ffb591fe000 	C:\WINDOWS\System32\msvcrt.dll
0x00007ffb59200000 - 0x00007ffb5929c000 	C:\WINDOWS\System32\sechost.dll
0x00007ffb51d30000 - 0x00007ffb51d49000 	C:\Users\user\anaconda3\VCRUNTIME140.dll
0x00007ffb51610000 - 0x00007ffb5161a000 	C:\WINDOWS\SYSTEM32\VERSION.dll
0x00007ffb563e0000 - 0x00007ffb563f8000 	C:\WINDOWS\SYSTEM32\CRYPTSP.dll
0x00007ffb55b00000 - 0x00007ffb55b34000 	C:\WINDOWS\system32\rsaenh.dll
0x00007ffb56bf0000 - 0x00007ffb56c17000 	C:\WINDOWS\System32\bcrypt.dll
0x00007ffb563d0000 - 0x00007ffb563dc000 	C:\WINDOWS\SYSTEM32\CRYPTBASE.dll
0x00007ffb56f00000 - 0x00007ffb56f82000 	C:\WINDOWS\System32\bcryptPrimitives.dll
0x00007ffb52210000 - 0x00007ffb5221f000 	C:\Users\user\anaconda3\python3.DLL
0x00007ffb4d080000 - 0x00007ffb4d096000 	C:\Users\user\anaconda3\DLLs\_socket.pyd
0x00007ffb55e70000 - 0x00007ffb55eab000 	C:\WINDOWS\SYSTEM32\IPHLPAPI.DLL
0x00007ffb4d070000 - 0x00007ffb4d07a000 	C:\Users\user\anaconda3\DLLs\select.pyd
0x00007ffb4ebb0000 - 0x00007ffb4ebc7000 	C:\Users\user\anaconda3\DLLs\_bz2.pyd
0x00007ffb4d0c0000 - 0x00007ffb4d0ea000 	C:\Users\user\anaconda3\DLLs\_lzma.pyd
0x00007ffb47c40000 - 0x00007ffb47ce2000 	C:\Users\user\anaconda3\lib\site-packages\zmq\libzmq.cp39-win_amd64.pyd
0x00007ffb4d160000 - 0x00007ffb4d1ed000 	C:\WINDOWS\SYSTEM32\MSVCP140.dll
0x00007ffb4d210000 - 0x00007ffb4d21c000 	C:\WINDOWS\SYSTEM32\VCRUNTIME140_1.dll
0x00007ffb4cf60000 - 0x00007ffb4cf75000 	C:\Users\user\anaconda3\lib\site-packages\zmq\backend\cython\constants.cp39-win_amd64.pyd
0x00007ffb4cf50000 - 0x00007ffb4cf5c000 	C:\Users\user\anaconda3\lib\site-packages\zmq\backend\cython\error.cp39-win_amd64.pyd
0x00007ffb4ce80000 - 0x00007ffb4ce99000 	C:\Users\user\anaconda3\lib\site-packages\zmq\backend\cython\message.cp39-win_amd64.pyd
0x00007ffb4ce60000 - 0x00007ffb4ce74000 	C:\Users\user\anaconda3\lib\site-packages\zmq\backend\cython\context.cp39-win_amd64.pyd
0x00007ffb4c020000 - 0x00007ffb4c044000 	C:\Users\user\anaconda3\lib\site-packages\zmq\backend\cython\socket.cp39-win_amd64.pyd
0x00007ffb4ce50000 - 0x00007ffb4ce5e000 	C:\Users\user\anaconda3\lib\site-packages\zmq\backend\cython\utils.cp39-win_amd64.pyd
0x00007ffb47a90000 - 0x00007ffb47aa4000 	C:\Users\user\anaconda3\lib\site-packages\zmq\backend\cython\_poll.cp39-win_amd64.pyd
0x00007ffb4cc30000 - 0x00007ffb4cc3c000 	C:\Users\user\anaconda3\lib\site-packages\zmq\backend\cython\_version.cp39-win_amd64.pyd
0x00007ffb47a70000 - 0x00007ffb47a82000 	C:\Users\user\anaconda3\lib\site-packages\zmq\backend\cython\_device.cp39-win_amd64.pyd
0x00007ffb4bfe0000 - 0x00007ffb4bff0000 	C:\Users\user\anaconda3\lib\site-packages\zmq\backend\cython\_proxy_steerable.cp39-win_amd64.pyd
0x00007ffb4d040000 - 0x00007ffb4d067000 	C:\Users\user\anaconda3\DLLs\_ssl.pyd
0x00007ffb56a90000 - 0x00007ffb56be6000 	C:\WINDOWS\System32\CRYPT32.dll
0x00007ffb38a20000 - 0x00007ffb38d6c000 	C:\Users\user\anaconda3\Library\bin\libcrypto-1_1-x64.dll
0x00007ffb4c090000 - 0x00007ffb4c13c000 	C:\Users\user\anaconda3\Library\bin\libssl-1_1-x64.dll
0x00007ffb58460000 - 0x00007ffb58600000 	C:\WINDOWS\System32\USER32.dll
0x00007ffb56ed0000 - 0x00007ffb56ef2000 	C:\WINDOWS\System32\win32u.dll
0x00007ffb574a0000 - 0x00007ffb574cb000 	C:\WINDOWS\System32\GDI32.dll
0x00007ffb56c70000 - 0x00007ffb56d7b000 	C:\WINDOWS\System32\gdi32full.dll
0x00007ffb56d80000 - 0x00007ffb56e1d000 	C:\WINDOWS\System32\msvcp_win.dll
0x00007ffb57770000 - 0x00007ffb577a0000 	C:\WINDOWS\System32\IMM32.DLL
0x00007ffb4cfb0000 - 0x00007ffb4cfc2000 	C:\Users\user\anaconda3\DLLs\_asyncio.pyd
0x00007ffb4cf90000 - 0x00007ffb4cf9d000 	C:\Users\user\anaconda3\DLLs\_overlapped.pyd
0x00007ffb561e0000 - 0x00007ffb5624a000 	C:\WINDOWS\system32\mswsock.dll
0x00007ffb4cfe0000 - 0x00007ffb4cfe9000 	C:\Users\user\anaconda3\DLLs\_queue.pyd
0x00007ffb514f0000 - 0x00007ffb514f8000 	C:\Users\user\anaconda3\DLLs\_uuid.pyd
0x00007ffb4cfd0000 - 0x00007ffb4cfd7000 	C:\Users\user\anaconda3\lib\site-packages\tornado\speedups.cp39-win_amd64.pyd
0x00007ffb4d0f0000 - 0x00007ffb4d114000 	C:\Users\user\anaconda3\DLLs\_ctypes.pyd
0x00007ffb581f0000 - 0x00007ffb5831a000 	C:\WINDOWS\System32\ole32.dll
0x00007ffb58b90000 - 0x00007ffb58ee4000 	C:\WINDOWS\System32\combase.dll
0x00007ffb51d00000 - 0x00007ffb51d0b000 	C:\Users\user\anaconda3\DLLs\libffi-8.dll
0x00007ffb576a0000 - 0x00007ffb5776d000 	C:\WINDOWS\System32\OLEAUT32.dll
0x00007ffb57970000 - 0x00007ffb580b4000 	C:\WINDOWS\System32\shell32.DLL
0x00007ffb4d0a0000 - 0x00007ffb4d0b2000 	C:\Users\user\anaconda3\DLLs\_hashlib.pyd
0x00007ffb47a50000 - 0x00007ffb47a68000 	C:\Users\user\anaconda3\DLLs\_sqlite3.pyd
0x00007ffb45f90000 - 0x00007ffb460ee000 	C:\Users\user\anaconda3\Library\bin\sqlite3.dll
0x00007ffb46b60000 - 0x00007ffb46c74000 	C:\Users\user\anaconda3\DLLs\unicodedata.pyd
0x00007ffb4cea0000 - 0x00007ffb4cee4000 	C:\Users\user\anaconda3\DLLs\_decimal.pyd
0x00007ffb3db20000 - 0x00007ffb3db53000 	C:\Users\user\anaconda3\DLLs\pyexpat.pyd
0x00000000685a0000 - 0x00000000685c4000 	C:\Users\user\anaconda3\lib\site-packages\win32\win32api.pyd
0x00000000684a0000 - 0x00000000684c6000 	C:\Users\user\anaconda3\lib\site-packages\win32\pywintypes39.dll
0x00007ffb4dc60000 - 0x00007ffb4dc6c000 	C:\WINDOWS\SYSTEM32\secur32.dll
0x00007ffb56980000 - 0x00007ffb569b2000 	C:\WINDOWS\SYSTEM32\SSPICLI.DLL
0x00000000686d0000 - 0x00000000686d7000 	C:\Users\user\anaconda3\lib\site-packages\win32\_win32sysloader.pyd
0x00000000685d0000 - 0x0000000068666000 	C:\Users\user\anaconda3\Library\bin\pythoncom39.dll
0x00007ffb549c0000 - 0x00007ffb549d2000 	C:\WINDOWS\SYSTEM32\kernel.appcore.dll
0x00007ffb544e0000 - 0x00007ffb5457e000 	C:\WINDOWS\system32\uxtheme.dll
0x00007ffb2f960000 - 0x00007ffb2f9eb000 	C:\Program Files\TeamViewer\tv_x64.dll
0x00007ffb4e010000 - 0x00007ffb4e1fc000 	C:\WINDOWS\SYSTEM32\urlmon.dll
0x00007ffb4e2b0000 - 0x00007ffb4e561000 	C:\WINDOWS\SYSTEM32\iertutil.dll
0x00007ffb4d9e0000 - 0x00007ffb4da08000 	C:\WINDOWS\SYSTEM32\srvcli.dll
0x00007ffb55fd0000 - 0x00007ffb55fdc000 	C:\WINDOWS\SYSTEM32\netutils.dll
0x00007ffb574d0000 - 0x00007ffb5757d000 	C:\WINDOWS\System32\shcore.dll
0x00007ffb3afa0000 - 0x00007ffb3affb000 	C:\Users\user\anaconda3\lib\site-packages\debugpy\_vendored\pydevd\_pydevd_bundle\pydevd_cython.cp39-win_amd64.pyd
0x00007ffb52130000 - 0x00007ffb52137000 	C:\WINDOWS\system32\wshunix.dll
0x00007ffb57430000 - 0x00007ffb57438000 	C:\WINDOWS\System32\NSI.dll
0x00007ffb513d0000 - 0x00007ffb513e7000 	C:\WINDOWS\SYSTEM32\dhcpcsvc6.DLL
0x00007ffb513b0000 - 0x00007ffb513cd000 	C:\WINDOWS\SYSTEM32\dhcpcsvc.DLL
0x00007ffb55eb0000 - 0x00007ffb55f7a000 	C:\WINDOWS\SYSTEM32\DNSAPI.dll
0x00000000684d0000 - 0x00000000684f7000 	C:\Users\user\anaconda3\lib\site-packages\win32\win32security.pyd
0x00007ffb4de50000 - 0x00007ffb4de6a000 	C:\WINDOWS\SYSTEM32\NETAPI32.dll
0x000001e1db240000 - 0x000001e1db243000 	C:\WINDOWS\SYSTEM32\security.dll
0x00007ffb4f850000 - 0x00007ffb4f87a000 	C:\WINDOWS\SYSTEM32\ntdsapi.dll
0x00007ffb55f80000 - 0x00007ffb55fc4000 	C:\WINDOWS\SYSTEM32\LOGONCLI.DLL
0x00007ffb521a0000 - 0x00007ffb521a9000 	C:\Users\user\anaconda3\msvcp140_1.dll
0x00007ffab7700000 - 0x00007ffaecb04000 	C:\Users\user\anaconda3\lib\site-packages\tensorflow\python\_pywrap_tensorflow_internal.pyd
0x00007ffb58320000 - 0x00007ffb58328000 	C:\WINDOWS\System32\Normaliz.dll
0x00007ffb57440000 - 0x00007ffb57495000 	C:\WINDOWS\System32\SHLWAPI.dll
0x00007ffb519e0000 - 0x00007ffb51bc4000 	C:\WINDOWS\SYSTEM32\dbghelp.dll
0x00007ffb52190000 - 0x00007ffb52197000 	C:\Users\user\anaconda3\lib\site-packages\mkl\_mklinit.cp39-win_amd64.pyd
0x00007ffb01a20000 - 0x00007ffb02db9000 	C:\Users\user\anaconda3\Library\bin\mkl_rt.1.dll
0x00007ffb52170000 - 0x00007ffb5218f000 	C:\Users\user\anaconda3\lib\site-packages\mkl\_py_mkl_service.cp39-win_amd64.pyd
0x00007ffb3b5c0000 - 0x00007ffb3b895000 	C:\Users\user\anaconda3\lib\site-packages\numpy\core\_multiarray_umath.cp39-win_amd64.pyd
0x00007ffb52110000 - 0x00007ffb5212f000 	C:\Users\user\anaconda3\lib\site-packages\numpy\core\_multiarray_tests.cp39-win_amd64.pyd
0x00007ffb4f840000 - 0x00007ffb4f849000 	C:\Users\user\anaconda3\lib\site-packages\numpy\linalg\lapack_lite.cp39-win_amd64.pyd
0x00007ffb4f810000 - 0x00007ffb4f83a000 	C:\Users\user\anaconda3\lib\site-packages\numpy\linalg\_umath_linalg.cp39-win_amd64.pyd
0x00007ffb4d140000 - 0x00007ffb4d160000 	C:\Users\user\anaconda3\lib\site-packages\numpy\fft\_pocketfft_internal.cp39-win_amd64.pyd
0x00007ffb46a90000 - 0x00007ffb46b1f000 	C:\Users\user\anaconda3\lib\site-packages\numpy\random\mtrand.cp39-win_amd64.pyd
0x00007ffb4c060000 - 0x00007ffb4c08a000 	C:\Users\user\anaconda3\lib\site-packages\numpy\random\bit_generator.cp39-win_amd64.pyd
0x00007ffb47bb0000 - 0x00007ffb47be1000 	C:\Users\user\anaconda3\lib\site-packages\numpy\random\_common.cp39-win_amd64.pyd
0x00007ffb46a50000 - 0x00007ffb46a90000 	C:\Users\user\anaconda3\lib\site-packages\numpy\random\_bounded_integers.cp39-win_amd64.pyd
0x00007ffb4d120000 - 0x00007ffb4d138000 	C:\Users\user\anaconda3\lib\site-packages\numpy\random\_mt19937.cp39-win_amd64.pyd
0x00007ffb4cef0000 - 0x00007ffb4cf07000 	C:\Users\user\anaconda3\lib\site-packages\numpy\random\_philox.cp39-win_amd64.pyd
0x00007ffb46850000 - 0x00007ffb46865000 	C:\Users\user\anaconda3\lib\site-packages\numpy\random\_pcg64.cp39-win_amd64.pyd
0x00007ffb45170000 - 0x00007ffb45182000 	C:\Users\user\anaconda3\lib\site-packages\numpy\random\_sfc64.cp39-win_amd64.pyd
0x00007ffb3b510000 - 0x00007ffb3b5b8000 	C:\Users\user\anaconda3\lib\site-packages\numpy\random\_generator.cp39-win_amd64.pyd
0x00007ffaf94e0000 - 0x00007ffafc92a000 	C:\Users\user\anaconda3\Library\bin\mkl_intel_thread.1.dll
0x00007ffaf4a10000 - 0x00007ffaf94de000 	C:\Users\user\anaconda3\Library\bin\mkl_core.1.dll
0x00007ffaf2090000 - 0x00007ffaf4a05000 	C:\Users\user\anaconda3\Library\bin\mkl_avx2.1.dll
0x00007ffb15a00000 - 0x00007ffb168db000 	C:\Users\user\anaconda3\Library\bin\mkl_vml_avx2.1.dll
0x00007ffb3db00000 - 0x00007ffb3db1d000 	C:\Users\user\anaconda3\lib\site-packages\google\protobuf\internal\_api_implementation.cp39-win_amd64.pyd
0x00007ffb3b380000 - 0x00007ffb3b50d000 	C:\Users\user\anaconda3\lib\site-packages\google\protobuf\pyext\_message.cp39-win_amd64.pyd
0x00007ffb37030000 - 0x00007ffb37646000 	C:\Users\user\anaconda3\lib\site-packages\tensorflow\python\_pywrap_tfe.pyd
0x00007ffb1aa00000 - 0x00007ffb1ad66000 	C:\Users\user\anaconda3\lib\site-packages\tensorflow\python\platform\_pywrap_tf2.pyd
0x00007ffb0ee90000 - 0x00007ffb0f496000 	C:\Users\user\anaconda3\lib\site-packages\tensorflow\python\client\_pywrap_tf_session.pyd
0x00007ffb4c050000 - 0x00007ffb4c05e000 	C:\Users\user\anaconda3\lib\site-packages\wrapt\_wrappers.cp39-win_amd64.pyd
0x00007ffb3dab0000 - 0x00007ffb3dadd000 	C:\Users\user\anaconda3\lib\site-packages\tensorflow\python\util\_pywrap_utils.pyd
0x00007ffb3d5d0000 - 0x00007ffb3d5e9000 	C:\Users\user\anaconda3\lib\site-packages\tensorflow\python\util\_pywrap_nest.pyd
0x00007ffb3b0e0000 - 0x00007ffb3b380000 	C:\Users\user\anaconda3\lib\site-packages\tensorflow\python\_pywrap_py_exception_registry.pyd
0x00007ffb38e30000 - 0x00007ffb390d0000 	C:\Users\user\anaconda3\lib\site-packages\tensorflow\python\framework\_dtypes.pyd
0x00007ffb3be20000 - 0x00007ffb3be38000 	C:\Users\user\anaconda3\lib\site-packages\tensorflow\python\lib\core\_pywrap_bfloat16.pyd
0x00007ffb19f20000 - 0x00007ffb1a28a000 	C:\Users\user\anaconda3\lib\site-packages\tensorflow\python\profiler\internal\_pywrap_traceme.pyd

dbghelp: loaded successfully - version: 4.0.5 - missing functions: none
symbol engine: initialized successfully - sym options: 0x614 - pdb path: .;C:\Users\user\anaconda3;C:\WINDOWS\SYSTEM32;C:\Users\user\anaconda3\DLLs;C:\Users\user\anaconda3\lib\site-packages\zmq;C:\Users\user\anaconda3\lib\site-packages\zmq\backend\cython;C:\Users\user\anaconda3\Library\bin;C:\Users\user\anaconda3\lib\site-packages\tornado;C:\Users\user\anaconda3\lib\site-packages\win32;C:\Program Files\TeamViewer;C:\Users\user\anaconda3\lib\site-packages\debugpy\_vendored\pydevd\_pydevd_bundle;C:\Users\user\anaconda3\lib\site-packages\tensorflow\python;C:\Users\user\anaconda3\lib\site-packages\mkl;C:\Users\user\anaconda3\lib\site-packages\numpy\core;C:\Users\user\anaconda3\lib\site-packages\numpy\linalg;C:\Users\user\anaconda3\lib\site-packages\numpy\fft;C:\Users\user\anaconda3\lib\site-packages\numpy\random;C:\Users\user\anaconda3\lib\site-packages\google\protobuf\internal;C:\Users\user\anaconda3\lib\site-packages\google\protobuf\pyext;C:\Users\user\anaconda3\lib\site-packages\tensorflow\python\platform;C:\Users\user\anaconda3\lib\site-packages\tensorflow\python\client;C:\Users\user\anaconda3\lib\site-packages\wrapt;C:\Users\user\anaconda3\lib\site-packages\tensorflow\python\util;C:\Users\user\anaconda3\lib\site-packages\tensorflow\python\framework;C:\Users\user\anaconda3\lib\site-packages\tensorflow\python\lib\core;C:\Users\user\anaconda3\lib\site-packages\tensorflow\python\profiler\internal;C:\Users\user\anaconda3\lib\site-packages\tensorflow\python\data\experimental\service;C:\Users\user\anaconda3\lib\site-packages\tensorflow\python\lib\io;C:\Users\user\anaconda3\lib\site-packages\tensorflow\python\saved_model;C:\Users\user\anaconda3\lib\site-packages\PIL;C:\Users\user\anaconda3\lib\site-packages\scipy\_lib;C:\Users\user\anaconda3\lib\site-packages\scipy\ndimage;C:\Users\user\anaconda3\lib\site-packages\scipy\special;C:\Users\user\anaconda3\lib\site-packages\scipy\linalg;C:\Users\user\anaconda3\lib\site-packages\scipy\sparse;C:\Users\user\anaconda3\lib\site-packages\scipy\sparse\csgraph;C:\Users\user\anaconda3\lib\site-packages\brotli;C:\Users\user\anaconda3\lib\site-packages;C:\Users\user\anaconda3\lib\site-packages\h5py;C:\Users\user\anaconda3\lib\site-packages\tensorflow\python\grappler;C:\Users\user\anaconda3\lib\site-packages\tensorflow\lite\python\metrics_wrapper;C:\Users\user\anaconda3\lib\site-packages\tensorflow\lite\experimental\microfrontend\python\ops;C:\Users\user\anaconda3\lib\site-packages\tensorflow\lite\python\interpreter_wrapper;C:\Users\user\anaconda3\lib\site-packages\tensorflow\lite\python\analyzer_wrapper;C:\Users\user\anaconda3\lib\site-packages\pandas\_libs;C:\Users\user\anaconda3\lib\site-packages\pandas\_libs\tslibs;C:\Users\user\anaconda3\lib\site-packages\numexpr;C:\Users\user\anaconda3\lib\site-packages\bottleneck;C:\Users\user\anaconda3\lib\site-packages\pandas\_libs\window;C:\Users\user\anaconda3\lib\site-packages\scipy\spatial;C:\Users\user\anaconda3\lib\site-packages\scipy\spatial\transform;C:\Users\user\anaconda3\lib\site-packages\scipy\optimize;C:\Users\user\anaconda3\lib\site-packages\scipy\sparse\linalg\isolve;C:\Users\user\anaconda3\lib\site-packages\scipy\sparse\linalg\dsolve;C:\Users\user\anaconda3\lib\site-packages\scipy\sparse\linalg\eigen\arpack;C:\Users\user\anaconda3\lib\site-packages\scipy\optimize\_trlib;C:\Users\user\anaconda3\lib\site-packages\scipy\optimize\_lsq;C:\Users\user\anaconda3\lib\site-packages\scipy\optimize\_highs;C:\Users\user\anaconda3\lib\site-packages\scipy\integrate;C:\Users\user\anaconda3\lib\site-packages\scipy\interpolate;C:\Users\user\anaconda3\lib\site-packages\scipy\stats;C:\Users\user\anaconda3\lib\site-packages\scipy\stats\_boost;C:\WINDOWS\WinSxS\amd64_microsoft.windows.common-controls_6595b64144ccf1df_6.0.19041.1110_none_60b5254171f9507e;C:\Users\user\anaconda3\lib\site-packages\regex;C:\Users\user\anaconda3\lib\site-packages\sklearn\__check_build;C:\Users\user\anaconda3\lib\site-packages\sklearn\utils;C:\Users\user\anaconda3\lib\site-packages\psutil;C:\Users\user\anaconda3\lib\site-packages\sklearn\feature_extraction;C:\Users\user\anaconda3\lib\site-packages\sklearn\preprocessing;C:\Users\user\anaconda3\lib\site-packages\sklearn\svm;C:\Users\user\anaconda3\lib\site-packages\sklearn\metrics\cluster;C:\Users\user\anaconda3\lib\site-packages\sklearn\metrics;C:\Users\user\anaconda3\lib\site-packages\sklearn\linear_model;C:\Users\user\anaconda3\lib\site-packages\sklearn\datasets;C:\Users\user\anaconda3\lib\site-packages\scipy\io\matlab;C:\Users\user\anaconda3\lib\site-packages\lxml;C:\Program Files\Java\jdk-11.0.13\bin\server;C:\Program Files\Java\jdk-11.0.13\bin

VM Arguments:
jvm_args: -Dfile.encoding=UTF8 -ea -Xmx1024m 
java_command: <unknown>
java_class_path (initial): C:\Users\user\anaconda3\Lib\site-packages\konlpy\java;C:\Users\user\anaconda3\Lib\site-packages\konlpy\java\bin;C:\Users\user\anaconda3\Lib\site-packages\konlpy\java\;C:\Users\user\anaconda3\Lib\site-packages\konlpy\java\jhannanum-0.8.4.jar;C:\Users\user\anaconda3\Lib\site-packages\konlpy\java\kkma-2.0.jar;C:\Users\user\anaconda3\Lib\site-packages\konlpy\java\aho-corasick.jar;C:\Users\user\anaconda3\Lib\site-packages\konlpy\java\shineware-common-1.0.jar;C:\Users\user\anaconda3\Lib\site-packages\konlpy\java\shineware-ds-1.0.jar;C:\Users\user\anaconda3\Lib\site-packages\konlpy\java\komoran-3.0.jar;C:\Users\user\anaconda3\Lib\site-packages\konlpy\java\snakeyaml-1.12.jar;C:\Users\user\anaconda3\Lib\site-packages\konlpy\java\scala-library-2.12.3.jar;C:\Users\user\anaconda3\Lib\site-packages\konlpy\java\open-korean-text-2.1.0.jar;C:\Users\user\anaconda3\Lib\site-packages\konlpy\java\twitter-text-1.14.7.jar;C:\Users\user\anaconda3\Lib\site-packages\konlpy\java\
Launcher Type: generic

[Global flags]
     intx CICompilerCount                          = 3                                         {product} {ergonomic}
     uint ConcGCThreads                            = 2                                         {product} {ergonomic}
     uint G1ConcRefinementThreads                  = 6                                         {product} {ergonomic}
   size_t G1HeapRegionSize                         = 1048576                                   {product} {ergonomic}
    uintx GCDrainStackTargetSize                   = 64                                        {product} {ergonomic}
   size_t InitialHeapSize                          = 134217728                                 {product} {ergonomic}
   size_t MarkStackSize                            = 4194304                                   {product} {ergonomic}
   size_t MaxHeapSize                              = 1073741824                                {product} {command line}
   size_t MaxNewSize                               = 643825664                                 {product} {ergonomic}
   size_t MinHeapDeltaBytes                        = 1048576                                   {product} {ergonomic}
    uintx NonNMethodCodeHeapSize                   = 5830732                                {pd product} {ergonomic}
    uintx NonProfiledCodeHeapSize                  = 122913754                              {pd product} {ergonomic}
    uintx ProfiledCodeHeapSize                     = 122913754                              {pd product} {ergonomic}
    uintx ReservedCodeCacheSize                    = 251658240                              {pd product} {ergonomic}
     bool SegmentedCodeCache                       = true                                      {product} {ergonomic}
     bool UseCompressedClassPointers               = true                                 {lp64_product} {ergonomic}
     bool UseCompressedOops                        = true                                 {lp64_product} {ergonomic}
     bool UseG1GC                                  = true                                      {product} {ergonomic}
     bool UseLargePagesIndividualAllocation        = false                                  {pd product} {ergonomic}

Logging:
Log output configuration:
 #0: stdout all=warning uptime,level,tags
 #1: stderr all=off uptime,level,tags

Environment Variables:
JAVA_HOME=C:\Program Files\Java\jdk-11.0.13\bin
PATH=C:\Users\user\anaconda3;C:\Users\user\anaconda3\Library\mingw-w64\bin;C:\Users\user\anaconda3\Library\usr\bin;C:\Users\user\anaconda3\Library\bin;C:\Users\user\anaconda3\Scripts;C:\Program Files\Common Files\Oracle\Java\javapath;C:\WINDOWS\system32;C:\WINDOWS;C:\WINDOWS\System32\Wbem;C:\WINDOWS\System32\WindowsPowerShell\v1.0\;C:\WINDOWS\System32\OpenSSH\;C:\Program Files\PuTTY\;C:\Users\user\AppData\Local\Programs\Python\Python310;C:\Users\user\AppData\Local\Programs\Python\Python310\Scripts;C:\Program Files\Java\jdk-11.0.13\bin;C:\Program Files\nodejs\;C:\Program Files\MariaDB 10.6\bin;C:\Program Files\Git\cmd;C:\Users\user\AppData\Local\Programs\Python\Python310\Scripts\;C:\Users\user\AppData\Local\Programs\Python\Python310\;C:\Program Files\MySQL\MySQL Shell 8.0\bin\;C:\Users\user\Scripts\;C:\Users\user\;C:\Users\user\AppData\Local\Microsoft\WindowsApps;;C:\Users\user\AppData\Local\Programs\Microsoft VS Code\bin;C:\Users\user\AppData\Roaming\npm
USERNAME=user
OS=Windows_NT
PROCESSOR_IDENTIFIER=Intel64 Family 6 Model 158 Stepping 10, GenuineIntel



---------------  S Y S T E M  ---------------

OS: Windows 10 , 64 bit Build 19041 (10.0.19041.1566)

CPU:total 6 (initial active 6) (6 cores per cpu, 1 threads per core) family 6 model 158 stepping 10 microcode 0xb4, cmov, cx8, fxsr, mmx, sse, sse2, sse3, ssse3, sse4.1, sse4.2, popcnt, avx, avx2, aes, clmul, erms, rtm, 3dnowpref, lzcnt, tsc, tscinvbit, bmi1, bmi2, adx, fma

Memory: 4k page, system-wide physical 8064M (108M free)
TotalPageFile size 32583M (AvailPageFile size 851M)
current process WorkingSet (physical memory assigned to process): 844M, peak: 1269M
current process commit charge ("private bytes"): 1882M, peak: 2057M

vm_info: Java HotSpot(TM) 64-Bit Server VM (11.0.13+10-LTS-370) for windows-amd64 JRE (11.0.13+10-LTS-370), built on Sep 15 2021 22:10:36 by "mach5one" with MS VC++ 15.9 (VS2017)

END.
